  [1m[36m (20.3ms)[0m  [1mCREATE TABLE "comments" ("id" INTEGER PRIMARY KEY AUTOINCREMENT NOT NULL, "body" text, "customer_id" integer, "created_at" datetime NOT NULL, "updated_at" datetime NOT NULL) [0m
  [1m[35m (0.2ms)[0m  select sqlite_version(*)
  [1m[36m (10.1ms)[0m  [1mCREATE  INDEX "index_comments_on_customer_id" ON "comments" ("customer_id")[0m
  [1m[35m (9.9ms)[0m  CREATE TABLE "companies" ("id" INTEGER PRIMARY KEY AUTOINCREMENT NOT NULL, "name" varchar NOT NULL, "url" varchar, "address" varchar, "created_at" datetime NOT NULL, "updated_at" datetime NOT NULL) 
  [1m[36m (8.1ms)[0m  [1mCREATE TABLE "customers" ("id" INTEGER PRIMARY KEY AUTOINCREMENT NOT NULL, "family_name" varchar NOT NULL, "given_name" varchar NOT NULL, "email" varchar NOT NULL, "created_at" datetime NOT NULL, "updated_at" datetime NOT NULL, "company_id" integer, "post_id" integer) [0m
  [1m[35m (10.2ms)[0m  CREATE  INDEX "index_customers_on_company_id" ON "customers" ("company_id")
  [1m[36m (0.3ms)[0m  [1m            SELECT sql
            FROM sqlite_master
            WHERE name='index_customers_on_company_id' AND type='index'
            UNION ALL
            SELECT sql
            FROM sqlite_temp_master
            WHERE name='index_customers_on_company_id' AND type='index'
[0m
  [1m[35m (9.6ms)[0m  CREATE UNIQUE INDEX "index_customers_on_email" ON "customers" ("email")
  [1m[36m (0.2ms)[0m  [1m            SELECT sql
            FROM sqlite_master
            WHERE name='index_customers_on_email' AND type='index'
            UNION ALL
            SELECT sql
            FROM sqlite_temp_master
            WHERE name='index_customers_on_email' AND type='index'
[0m
  [1m[35m (0.2ms)[0m              SELECT sql
            FROM sqlite_master
            WHERE name='index_customers_on_company_id' AND type='index'
            UNION ALL
            SELECT sql
            FROM sqlite_temp_master
            WHERE name='index_customers_on_company_id' AND type='index'

  [1m[36m (7.5ms)[0m  [1mCREATE  INDEX "index_customers_on_post_id" ON "customers" ("post_id")[0m
  [1m[35m (7.2ms)[0m  CREATE TABLE "posts" ("id" INTEGER PRIMARY KEY AUTOINCREMENT NOT NULL, "position_name" varchar NOT NULL, "created_at" datetime NOT NULL, "updated_at" datetime NOT NULL) 
  [1m[36m (13.2ms)[0m  [1mCREATE TABLE "users" ("id" INTEGER PRIMARY KEY AUTOINCREMENT NOT NULL, "email" varchar DEFAULT '' NOT NULL, "encrypted_password" varchar DEFAULT '' NOT NULL, "reset_password_token" varchar, "reset_password_sent_at" datetime, "remember_created_at" datetime, "sign_in_count" integer DEFAULT 0 NOT NULL, "current_sign_in_at" datetime, "last_sign_in_at" datetime, "current_sign_in_ip" varchar, "last_sign_in_ip" varchar, "created_at" datetime NOT NULL, "updated_at" datetime NOT NULL, "family_name" varchar, "given_name" varchar) [0m
  [1m[35m (9.8ms)[0m  CREATE UNIQUE INDEX "index_users_on_email" ON "users" ("email")
  [1m[36m (0.2ms)[0m  [1m            SELECT sql
            FROM sqlite_master
            WHERE name='index_users_on_email' AND type='index'
            UNION ALL
            SELECT sql
            FROM sqlite_temp_master
            WHERE name='index_users_on_email' AND type='index'
[0m
  [1m[35m (7.4ms)[0m  CREATE UNIQUE INDEX "index_users_on_reset_password_token" ON "users" ("reset_password_token")
  [1m[36m (12.5ms)[0m  [1mCREATE TABLE "schema_migrations" ("version" varchar NOT NULL) [0m
  [1m[35m (10.1ms)[0m  CREATE UNIQUE INDEX "unique_schema_migrations" ON "schema_migrations" ("version")
  [1m[36m (0.3ms)[0m  [1mSELECT version FROM "schema_migrations"[0m
  [1m[35m (7.4ms)[0m  INSERT INTO "schema_migrations" (version) VALUES ('20160929013153')
  [1m[36m (9.2ms)[0m  [1mINSERT INTO "schema_migrations" (version) VALUES ('20160929003309')[0m
  [1m[35m (11.2ms)[0m  INSERT INTO "schema_migrations" (version) VALUES ('20160928063623')
  [1m[36m (7.4ms)[0m  [1mINSERT INTO "schema_migrations" (version) VALUES ('20160928064155')[0m
  [1m[35m (7.5ms)[0m  INSERT INTO "schema_migrations" (version) VALUES ('20160928055040')
  [1m[36m (10.9ms)[0m  [1mINSERT INTO "schema_migrations" (version) VALUES ('20160928055155')[0m
  [1m[35m (9.8ms)[0m  INSERT INTO "schema_migrations" (version) VALUES ('20160928125112')
  [1m[36m (7.3ms)[0m  [1mINSERT INTO "schema_migrations" (version) VALUES ('20160928002233')[0m
  [1m[35m (13.1ms)[0m  CREATE TABLE "comments" ("id" INTEGER PRIMARY KEY AUTOINCREMENT NOT NULL, "body" text, "customer_id" integer, "created_at" datetime NOT NULL, "updated_at" datetime NOT NULL) 
  [1m[36m (0.2ms)[0m  [1mselect sqlite_version(*)[0m
  [1m[35m (10.1ms)[0m  CREATE  INDEX "index_comments_on_customer_id" ON "comments" ("customer_id")
  [1m[36m (8.0ms)[0m  [1mCREATE TABLE "companies" ("id" INTEGER PRIMARY KEY AUTOINCREMENT NOT NULL, "name" varchar NOT NULL, "url" varchar, "address" varchar, "created_at" datetime NOT NULL, "updated_at" datetime NOT NULL) [0m
  [1m[35m (9.4ms)[0m  CREATE TABLE "customers" ("id" INTEGER PRIMARY KEY AUTOINCREMENT NOT NULL, "family_name" varchar NOT NULL, "given_name" varchar NOT NULL, "email" varchar NOT NULL, "created_at" datetime NOT NULL, "updated_at" datetime NOT NULL, "company_id" integer, "post_id" integer) 
  [1m[36m (12.2ms)[0m  [1mCREATE  INDEX "index_customers_on_company_id" ON "customers" ("company_id")[0m
  [1m[35m (0.3ms)[0m              SELECT sql
            FROM sqlite_master
            WHERE name='index_customers_on_company_id' AND type='index'
            UNION ALL
            SELECT sql
            FROM sqlite_temp_master
            WHERE name='index_customers_on_company_id' AND type='index'

  [1m[36m (10.0ms)[0m  [1mCREATE UNIQUE INDEX "index_customers_on_email" ON "customers" ("email")[0m
  [1m[35m (0.2ms)[0m              SELECT sql
            FROM sqlite_master
            WHERE name='index_customers_on_email' AND type='index'
            UNION ALL
            SELECT sql
            FROM sqlite_temp_master
            WHERE name='index_customers_on_email' AND type='index'

  [1m[36m (0.2ms)[0m  [1m            SELECT sql
            FROM sqlite_master
            WHERE name='index_customers_on_company_id' AND type='index'
            UNION ALL
            SELECT sql
            FROM sqlite_temp_master
            WHERE name='index_customers_on_company_id' AND type='index'
[0m
  [1m[35m (7.4ms)[0m  CREATE  INDEX "index_customers_on_post_id" ON "customers" ("post_id")
  [1m[36m (10.4ms)[0m  [1mCREATE TABLE "posts" ("id" INTEGER PRIMARY KEY AUTOINCREMENT NOT NULL, "position_name" varchar NOT NULL, "created_at" datetime NOT NULL, "updated_at" datetime NOT NULL) [0m
  [1m[35m (10.8ms)[0m  CREATE TABLE "users" ("id" INTEGER PRIMARY KEY AUTOINCREMENT NOT NULL, "email" varchar DEFAULT '' NOT NULL, "encrypted_password" varchar DEFAULT '' NOT NULL, "reset_password_token" varchar, "reset_password_sent_at" datetime, "remember_created_at" datetime, "sign_in_count" integer DEFAULT 0 NOT NULL, "current_sign_in_at" datetime, "last_sign_in_at" datetime, "current_sign_in_ip" varchar, "last_sign_in_ip" varchar, "created_at" datetime NOT NULL, "updated_at" datetime NOT NULL, "family_name" varchar, "given_name" varchar) 
  [1m[36m (9.9ms)[0m  [1mCREATE UNIQUE INDEX "index_users_on_email" ON "users" ("email")[0m
  [1m[35m (0.2ms)[0m              SELECT sql
            FROM sqlite_master
            WHERE name='index_users_on_email' AND type='index'
            UNION ALL
            SELECT sql
            FROM sqlite_temp_master
            WHERE name='index_users_on_email' AND type='index'

  [1m[36m (7.2ms)[0m  [1mCREATE UNIQUE INDEX "index_users_on_reset_password_token" ON "users" ("reset_password_token")[0m
  [1m[35m (7.9ms)[0m  CREATE TABLE "schema_migrations" ("version" varchar NOT NULL) 
  [1m[36m (10.6ms)[0m  [1mCREATE UNIQUE INDEX "unique_schema_migrations" ON "schema_migrations" ("version")[0m
  [1m[35m (0.3ms)[0m  SELECT version FROM "schema_migrations"
  [1m[36m (10.0ms)[0m  [1mINSERT INTO "schema_migrations" (version) VALUES ('20160929013153')[0m
  [1m[35m (12.0ms)[0m  INSERT INTO "schema_migrations" (version) VALUES ('20160929003309')
  [1m[36m (11.6ms)[0m  [1mINSERT INTO "schema_migrations" (version) VALUES ('20160928063623')[0m
  [1m[35m (9.6ms)[0m  INSERT INTO "schema_migrations" (version) VALUES ('20160928064155')
  [1m[36m (14.9ms)[0m  [1mINSERT INTO "schema_migrations" (version) VALUES ('20160928055040')[0m
  [1m[35m (10.3ms)[0m  INSERT INTO "schema_migrations" (version) VALUES ('20160928055155')
  [1m[36m (16.2ms)[0m  [1mINSERT INTO "schema_migrations" (version) VALUES ('20160928125112')[0m
  [1m[35m (9.9ms)[0m  INSERT INTO "schema_migrations" (version) VALUES ('20160928002233')
  [1m[36mActiveRecord::SchemaMigration Load (0.2ms)[0m  [1mSELECT "schema_migrations".* FROM "schema_migrations"[0m
  [1m[35m (0.2ms)[0m  begin transaction
  [1m[36mSQL (0.6ms)[0m  [1mINSERT INTO "companies" ("name", "url", "address", "created_at", "updated_at") VALUES (?, ?, ?, ?, ?)[0m  [["name", "株式会社ABC不動産"], ["url", "http://www.abc_sample.co.jp/"], ["address", "東京都新宿区東新宿4"], ["created_at", "2016-10-16 05:44:51.397992"], ["updated_at", "2016-10-16 05:44:51.397992"]]
  [1m[35m (11.6ms)[0m  commit transaction
  [1m[36m (0.1ms)[0m  [1mbegin transaction[0m
  [1m[35mSQL (0.5ms)[0m  INSERT INTO "companies" ("name", "url", "address", "created_at", "updated_at") VALUES (?, ?, ?, ?, ?)  [["name", "株式会社NOWALL"], ["url", "http://nowall.co.jp/"], ["address", "東京都新宿区西新宿6"], ["created_at", "2016-10-16 05:44:51.413607"], ["updated_at", "2016-10-16 05:44:51.413607"]]
  [1m[36m (10.2ms)[0m  [1mcommit transaction[0m
  [1m[35m (0.1ms)[0m  begin transaction
  [1m[36mSQL (0.4ms)[0m  [1mINSERT INTO "companies" ("name", "url", "address", "created_at", "updated_at") VALUES (?, ?, ?, ?, ?)[0m  [["name", "株式会社ZZZ運輸"], ["url", "http://www.zzz_sample.co.jp/"], ["address", "東京都新宿区北新宿8"], ["created_at", "2016-10-16 05:44:51.427437"], ["updated_at", "2016-10-16 05:44:51.427437"]]
  [1m[35m (11.4ms)[0m  commit transaction
  [1m[36m (0.2ms)[0m  [1mbegin transaction[0m
  [1m[35mSQL (0.7ms)[0m  INSERT INTO "posts" ("position_name", "created_at", "updated_at") VALUES (?, ?, ?)  [["position_name", "社長"], ["created_at", "2016-10-16 05:44:51.448987"], ["updated_at", "2016-10-16 05:44:51.448987"]]
  [1m[36m (10.0ms)[0m  [1mcommit transaction[0m
  [1m[35m (0.1ms)[0m  begin transaction
  [1m[36mSQL (0.3ms)[0m  [1mINSERT INTO "posts" ("position_name", "created_at", "updated_at") VALUES (?, ?, ?)[0m  [["position_name", "部長"], ["created_at", "2016-10-16 05:44:51.461753"], ["updated_at", "2016-10-16 05:44:51.461753"]]
  [1m[35m (12.7ms)[0m  commit transaction
  [1m[36m (0.1ms)[0m  [1mbegin transaction[0m
  [1m[35mSQL (0.4ms)[0m  INSERT INTO "posts" ("position_name", "created_at", "updated_at") VALUES (?, ?, ?)  [["position_name", "課長"], ["created_at", "2016-10-16 05:44:51.477839"], ["updated_at", "2016-10-16 05:44:51.477839"]]
  [1m[36m (9.9ms)[0m  [1mcommit transaction[0m
  [1m[35m (0.1ms)[0m  begin transaction
  [1m[36mSQL (0.5ms)[0m  [1mINSERT INTO "posts" ("position_name", "created_at", "updated_at") VALUES (?, ?, ?)[0m  [["position_name", "平社員"], ["created_at", "2016-10-16 05:44:51.491411"], ["updated_at", "2016-10-16 05:44:51.491411"]]
  [1m[35m (8.7ms)[0m  commit transaction
  [1m[36m (0.1ms)[0m  [1mbegin transaction[0m
  [1m[35mCustomer Exists (0.2ms)[0m  SELECT  1 AS one FROM "customers" WHERE "customers"."email" = 'julia@ruel.name' LIMIT 1
  [1m[36mSQL (0.4ms)[0m  [1mINSERT INTO "customers" ("family_name", "given_name", "email", "company_id", "post_id", "created_at", "updated_at") VALUES (?, ?, ?, ?, ?, ?, ?)[0m  [["family_name", "木村"], ["given_name", "心愛"], ["email", "julia@ruel.name"], ["company_id", 3], ["post_id", 2], ["created_at", "2016-10-16 05:44:51.985122"], ["updated_at", "2016-10-16 05:44:51.985122"]]
  [1m[35m (23.4ms)[0m  commit transaction
  [1m[36m (0.1ms)[0m  [1mbegin transaction[0m
  [1m[35mCustomer Exists (2.0ms)[0m  SELECT  1 AS one FROM "customers" WHERE "customers"."email" = 'mozell@gerlach.info' LIMIT 1
  [1m[36mSQL (0.4ms)[0m  [1mINSERT INTO "customers" ("family_name", "given_name", "email", "company_id", "post_id", "created_at", "updated_at") VALUES (?, ?, ?, ?, ?, ?, ?)[0m  [["family_name", "林"], ["given_name", "大翔"], ["email", "mozell@gerlach.info"], ["company_id", 2], ["post_id", 1], ["created_at", "2016-10-16 05:44:52.016195"], ["updated_at", "2016-10-16 05:44:52.016195"]]
  [1m[35m (13.5ms)[0m  commit transaction
  [1m[36m (0.1ms)[0m  [1mbegin transaction[0m
  [1m[35mCustomer Exists (0.2ms)[0m  SELECT  1 AS one FROM "customers" WHERE "customers"."email" = 'cara.conn@mcclure.io' LIMIT 1
  [1m[36mSQL (0.3ms)[0m  [1mINSERT INTO "customers" ("family_name", "given_name", "email", "company_id", "post_id", "created_at", "updated_at") VALUES (?, ?, ?, ?, ?, ?, ?)[0m  [["family_name", "斎藤"], ["given_name", "結愛"], ["email", "cara.conn@mcclure.io"], ["company_id", 1], ["post_id", 1], ["created_at", "2016-10-16 05:44:52.035265"], ["updated_at", "2016-10-16 05:44:52.035265"]]
  [1m[35m (14.6ms)[0m  commit transaction
  [1m[36m (0.1ms)[0m  [1mbegin transaction[0m
  [1m[35mCustomer Exists (0.3ms)[0m  SELECT  1 AS one FROM "customers" WHERE "customers"."email" = 'gus@torphybernhard.net' LIMIT 1
  [1m[36mSQL (0.4ms)[0m  [1mINSERT INTO "customers" ("family_name", "given_name", "email", "company_id", "post_id", "created_at", "updated_at") VALUES (?, ?, ?, ?, ?, ?, ?)[0m  [["family_name", "清水"], ["given_name", "莉子"], ["email", "gus@torphybernhard.net"], ["company_id", 3], ["post_id", 2], ["created_at", "2016-10-16 05:44:52.055925"], ["updated_at", "2016-10-16 05:44:52.055925"]]
  [1m[35m (10.8ms)[0m  commit transaction
  [1m[36m (0.1ms)[0m  [1mbegin transaction[0m
  [1m[35mCustomer Exists (0.3ms)[0m  SELECT  1 AS one FROM "customers" WHERE "customers"."email" = 'nettie@turner.biz' LIMIT 1
  [1m[36mSQL (0.5ms)[0m  [1mINSERT INTO "customers" ("family_name", "given_name", "email", "company_id", "post_id", "created_at", "updated_at") VALUES (?, ?, ?, ?, ?, ?, ?)[0m  [["family_name", "山本"], ["given_name", "蒼空"], ["email", "nettie@turner.biz"], ["company_id", 2], ["post_id", 1], ["created_at", "2016-10-16 05:44:52.072333"], ["updated_at", "2016-10-16 05:44:52.072333"]]
  [1m[35m (11.6ms)[0m  commit transaction
  [1m[36m (0.1ms)[0m  [1mbegin transaction[0m
  [1m[35mCustomer Exists (0.3ms)[0m  SELECT  1 AS one FROM "customers" WHERE "customers"."email" = 'luisa@volkmanreichel.name' LIMIT 1
  [1m[36mSQL (0.4ms)[0m  [1mINSERT INTO "customers" ("family_name", "given_name", "email", "company_id", "post_id", "created_at", "updated_at") VALUES (?, ?, ?, ?, ?, ?, ?)[0m  [["family_name", "鈴木"], ["given_name", "翼"], ["email", "luisa@volkmanreichel.name"], ["company_id", 2], ["post_id", 4], ["created_at", "2016-10-16 05:44:52.089753"], ["updated_at", "2016-10-16 05:44:52.089753"]]
  [1m[35m (11.6ms)[0m  commit transaction
  [1m[36m (0.1ms)[0m  [1mbegin transaction[0m
  [1m[35mCustomer Exists (0.2ms)[0m  SELECT  1 AS one FROM "customers" WHERE "customers"."email" = 'tyshawn@schoenkertzmann.com' LIMIT 1
  [1m[36mSQL (0.3ms)[0m  [1mINSERT INTO "customers" ("family_name", "given_name", "email", "company_id", "post_id", "created_at", "updated_at") VALUES (?, ?, ?, ?, ?, ?, ?)[0m  [["family_name", "山口"], ["given_name", "美羽"], ["email", "tyshawn@schoenkertzmann.com"], ["company_id", 1], ["post_id", 1], ["created_at", "2016-10-16 05:44:52.106063"], ["updated_at", "2016-10-16 05:44:52.106063"]]
  [1m[35m (14.6ms)[0m  commit transaction
  [1m[36m (0.1ms)[0m  [1mbegin transaction[0m
  [1m[35mCustomer Exists (0.2ms)[0m  SELECT  1 AS one FROM "customers" WHERE "customers"."email" = 'maria@gutmann.com' LIMIT 1
  [1m[36mSQL (0.3ms)[0m  [1mINSERT INTO "customers" ("family_name", "given_name", "email", "company_id", "post_id", "created_at", "updated_at") VALUES (?, ?, ?, ?, ?, ?, ?)[0m  [["family_name", "山口"], ["given_name", "杏"], ["email", "maria@gutmann.com"], ["company_id", 3], ["post_id", 4], ["created_at", "2016-10-16 05:44:52.124981"], ["updated_at", "2016-10-16 05:44:52.124981"]]
  [1m[35m (19.3ms)[0m  commit transaction
  [1m[36m (0.1ms)[0m  [1mbegin transaction[0m
  [1m[35mCustomer Exists (0.2ms)[0m  SELECT  1 AS one FROM "customers" WHERE "customers"."email" = 'camylle.ohara@keler.net' LIMIT 1
  [1m[36mSQL (0.3ms)[0m  [1mINSERT INTO "customers" ("family_name", "given_name", "email", "company_id", "post_id", "created_at", "updated_at") VALUES (?, ?, ?, ?, ?, ?, ?)[0m  [["family_name", "清水"], ["given_name", "樹"], ["email", "camylle.ohara@keler.net"], ["company_id", 2], ["post_id", 4], ["created_at", "2016-10-16 05:44:52.149383"], ["updated_at", "2016-10-16 05:44:52.149383"]]
  [1m[35m (14.5ms)[0m  commit transaction
  [1m[36m (0.1ms)[0m  [1mbegin transaction[0m
  [1m[35mCustomer Exists (0.2ms)[0m  SELECT  1 AS one FROM "customers" WHERE "customers"."email" = 'aylin_von@borer.com' LIMIT 1
  [1m[36mSQL (0.3ms)[0m  [1mINSERT INTO "customers" ("family_name", "given_name", "email", "company_id", "post_id", "created_at", "updated_at") VALUES (?, ?, ?, ?, ?, ?, ?)[0m  [["family_name", "加藤"], ["given_name", "樹"], ["email", "aylin_von@borer.com"], ["company_id", 1], ["post_id", 1], ["created_at", "2016-10-16 05:44:52.167827"], ["updated_at", "2016-10-16 05:44:52.167827"]]
  [1m[35m (13.3ms)[0m  commit transaction
  [1m[36m (0.1ms)[0m  [1mbegin transaction[0m
  [1m[35mCustomer Exists (0.3ms)[0m  SELECT  1 AS one FROM "customers" WHERE "customers"."email" = 'adella@wilkinsonklein.com' LIMIT 1
  [1m[36mSQL (0.5ms)[0m  [1mINSERT INTO "customers" ("family_name", "given_name", "email", "company_id", "post_id", "created_at", "updated_at") VALUES (?, ?, ?, ?, ?, ?, ?)[0m  [["family_name", "山田"], ["given_name", "陸斗"], ["email", "adella@wilkinsonklein.com"], ["company_id", 1], ["post_id", 4], ["created_at", "2016-10-16 05:44:52.185877"], ["updated_at", "2016-10-16 05:44:52.185877"]]
  [1m[35m (18.6ms)[0m  commit transaction
  [1m[36m (0.1ms)[0m  [1mbegin transaction[0m
  [1m[35mCustomer Exists (0.2ms)[0m  SELECT  1 AS one FROM "customers" WHERE "customers"."email" = 'taurean.torphy@hickle.org' LIMIT 1
  [1m[36mSQL (0.4ms)[0m  [1mINSERT INTO "customers" ("family_name", "given_name", "email", "company_id", "post_id", "created_at", "updated_at") VALUES (?, ?, ?, ?, ?, ?, ?)[0m  [["family_name", "小林"], ["given_name", "太一"], ["email", "taurean.torphy@hickle.org"], ["company_id", 2], ["post_id", 1], ["created_at", "2016-10-16 05:44:52.210996"], ["updated_at", "2016-10-16 05:44:52.210996"]]
  [1m[35m (20.6ms)[0m  commit transaction
  [1m[36m (0.1ms)[0m  [1mbegin transaction[0m
  [1m[35mCustomer Exists (0.2ms)[0m  SELECT  1 AS one FROM "customers" WHERE "customers"."email" = 'reyes@schuppegrant.com' LIMIT 1
  [1m[36mSQL (0.3ms)[0m  [1mINSERT INTO "customers" ("family_name", "given_name", "email", "company_id", "post_id", "created_at", "updated_at") VALUES (?, ?, ?, ?, ?, ?, ?)[0m  [["family_name", "鈴木"], ["given_name", "颯太"], ["email", "reyes@schuppegrant.com"], ["company_id", 2], ["post_id", 3], ["created_at", "2016-10-16 05:44:52.236951"], ["updated_at", "2016-10-16 05:44:52.236951"]]
  [1m[35m (10.5ms)[0m  commit transaction
  [1m[36m (0.1ms)[0m  [1mbegin transaction[0m
  [1m[35mCustomer Exists (0.2ms)[0m  SELECT  1 AS one FROM "customers" WHERE "customers"."email" = 'leonie@kiehn.com' LIMIT 1
  [1m[36mSQL (0.3ms)[0m  [1mINSERT INTO "customers" ("family_name", "given_name", "email", "company_id", "post_id", "created_at", "updated_at") VALUES (?, ?, ?, ?, ?, ?, ?)[0m  [["family_name", "中村"], ["given_name", "愛菜"], ["email", "leonie@kiehn.com"], ["company_id", 3], ["post_id", 4], ["created_at", "2016-10-16 05:44:52.251579"], ["updated_at", "2016-10-16 05:44:52.251579"]]
  [1m[35m (11.6ms)[0m  commit transaction
  [1m[36m (0.1ms)[0m  [1mbegin transaction[0m
  [1m[35mCustomer Exists (0.3ms)[0m  SELECT  1 AS one FROM "customers" WHERE "customers"."email" = 'adolf@bogisichframi.io' LIMIT 1
  [1m[36mSQL (0.3ms)[0m  [1mINSERT INTO "customers" ("family_name", "given_name", "email", "company_id", "post_id", "created_at", "updated_at") VALUES (?, ?, ?, ?, ?, ?, ?)[0m  [["family_name", "木村"], ["given_name", "莉子"], ["email", "adolf@bogisichframi.io"], ["company_id", 3], ["post_id", 2], ["created_at", "2016-10-16 05:44:52.268267"], ["updated_at", "2016-10-16 05:44:52.268267"]]
  [1m[35m (9.8ms)[0m  commit transaction
  [1m[36m (0.1ms)[0m  [1mbegin transaction[0m
  [1m[35mCustomer Exists (0.2ms)[0m  SELECT  1 AS one FROM "customers" WHERE "customers"."email" = 'cheyenne.wolf@fadelaufderhar.name' LIMIT 1
  [1m[36mSQL (0.3ms)[0m  [1mINSERT INTO "customers" ("family_name", "given_name", "email", "company_id", "post_id", "created_at", "updated_at") VALUES (?, ?, ?, ?, ?, ?, ?)[0m  [["family_name", "小林"], ["given_name", "蓮"], ["email", "cheyenne.wolf@fadelaufderhar.name"], ["company_id", 3], ["post_id", 3], ["created_at", "2016-10-16 05:44:52.282304"], ["updated_at", "2016-10-16 05:44:52.282304"]]
  [1m[35m (10.2ms)[0m  commit transaction
  [1m[36m (0.1ms)[0m  [1mbegin transaction[0m
  [1m[35mCustomer Exists (0.3ms)[0m  SELECT  1 AS one FROM "customers" WHERE "customers"."email" = 'prince@lakin.net' LIMIT 1
  [1m[36mSQL (0.3ms)[0m  [1mINSERT INTO "customers" ("family_name", "given_name", "email", "company_id", "post_id", "created_at", "updated_at") VALUES (?, ?, ?, ?, ?, ?, ?)[0m  [["family_name", "井上"], ["given_name", "大翔"], ["email", "prince@lakin.net"], ["company_id", 3], ["post_id", 2], ["created_at", "2016-10-16 05:44:52.297147"], ["updated_at", "2016-10-16 05:44:52.297147"]]
  [1m[35m (9.9ms)[0m  commit transaction
  [1m[36m (0.1ms)[0m  [1mbegin transaction[0m
  [1m[35mCustomer Exists (0.2ms)[0m  SELECT  1 AS one FROM "customers" WHERE "customers"."email" = 'ron@stehr.co' LIMIT 1
  [1m[36mSQL (0.3ms)[0m  [1mINSERT INTO "customers" ("family_name", "given_name", "email", "company_id", "post_id", "created_at", "updated_at") VALUES (?, ?, ?, ?, ?, ?, ?)[0m  [["family_name", "松本"], ["given_name", "愛菜"], ["email", "ron@stehr.co"], ["company_id", 3], ["post_id", 3], ["created_at", "2016-10-16 05:44:52.311427"], ["updated_at", "2016-10-16 05:44:52.311427"]]
  [1m[35m (11.9ms)[0m  commit transaction
  [1m[36m (0.1ms)[0m  [1mbegin transaction[0m
  [1m[35mCustomer Exists (0.2ms)[0m  SELECT  1 AS one FROM "customers" WHERE "customers"."email" = 'kailey@stehrkuvalis.co' LIMIT 1
  [1m[36mSQL (0.3ms)[0m  [1mINSERT INTO "customers" ("family_name", "given_name", "email", "company_id", "post_id", "created_at", "updated_at") VALUES (?, ?, ?, ?, ?, ?, ?)[0m  [["family_name", "斎藤"], ["given_name", "莉子"], ["email", "kailey@stehrkuvalis.co"], ["company_id", 2], ["post_id", 1], ["created_at", "2016-10-16 05:44:52.327155"], ["updated_at", "2016-10-16 05:44:52.327155"]]
  [1m[35m (10.0ms)[0m  commit transaction
  [1m[36m (0.1ms)[0m  [1mbegin transaction[0m
  [1m[35mCustomer Exists (0.2ms)[0m  SELECT  1 AS one FROM "customers" WHERE "customers"."email" = 'ariane.hyatt@kirlinfay.co' LIMIT 1
  [1m[36mSQL (0.3ms)[0m  [1mINSERT INTO "customers" ("family_name", "given_name", "email", "company_id", "post_id", "created_at", "updated_at") VALUES (?, ?, ?, ?, ?, ?, ?)[0m  [["family_name", "山口"], ["given_name", "大和"], ["email", "ariane.hyatt@kirlinfay.co"], ["company_id", 3], ["post_id", 1], ["created_at", "2016-10-16 05:44:52.340730"], ["updated_at", "2016-10-16 05:44:52.340730"]]
  [1m[35m (7.7ms)[0m  commit transaction
  [1m[36m (0.1ms)[0m  [1mbegin transaction[0m
  [1m[35mCustomer Exists (0.3ms)[0m  SELECT  1 AS one FROM "customers" WHERE "customers"."email" = 'harley.luettgen@dicki.net' LIMIT 1
  [1m[36mSQL (0.4ms)[0m  [1mINSERT INTO "customers" ("family_name", "given_name", "email", "company_id", "post_id", "created_at", "updated_at") VALUES (?, ?, ?, ?, ?, ?, ?)[0m  [["family_name", "清水"], ["given_name", "結菜"], ["email", "harley.luettgen@dicki.net"], ["company_id", 1], ["post_id", 2], ["created_at", "2016-10-16 05:44:52.352972"], ["updated_at", "2016-10-16 05:44:52.352972"]]
  [1m[35m (9.8ms)[0m  commit transaction
  [1m[36m (0.1ms)[0m  [1mbegin transaction[0m
  [1m[35mCustomer Exists (0.3ms)[0m  SELECT  1 AS one FROM "customers" WHERE "customers"."email" = 'rolando.borer@spencerwolff.biz' LIMIT 1
  [1m[36mSQL (0.4ms)[0m  [1mINSERT INTO "customers" ("family_name", "given_name", "email", "company_id", "post_id", "created_at", "updated_at") VALUES (?, ?, ?, ?, ?, ?, ?)[0m  [["family_name", "吉田"], ["given_name", "蓮"], ["email", "rolando.borer@spencerwolff.biz"], ["company_id", 2], ["post_id", 4], ["created_at", "2016-10-16 05:44:52.368332"], ["updated_at", "2016-10-16 05:44:52.368332"]]
  [1m[35m (7.6ms)[0m  commit transaction
  [1m[36m (0.1ms)[0m  [1mbegin transaction[0m
  [1m[35mCustomer Exists (0.3ms)[0m  SELECT  1 AS one FROM "customers" WHERE "customers"."email" = 'eden@breitenberg.org' LIMIT 1
  [1m[36mSQL (0.4ms)[0m  [1mINSERT INTO "customers" ("family_name", "given_name", "email", "company_id", "post_id", "created_at", "updated_at") VALUES (?, ?, ?, ?, ?, ?, ?)[0m  [["family_name", "渡辺"], ["given_name", "蒼空"], ["email", "eden@breitenberg.org"], ["company_id", 3], ["post_id", 3], ["created_at", "2016-10-16 05:44:52.381031"], ["updated_at", "2016-10-16 05:44:52.381031"]]
  [1m[35m (15.0ms)[0m  commit transaction
  [1m[36m (0.1ms)[0m  [1mbegin transaction[0m
  [1m[35mCustomer Exists (0.2ms)[0m  SELECT  1 AS one FROM "customers" WHERE "customers"."email" = 'beatrice@lueilwitz.name' LIMIT 1
  [1m[36mSQL (0.4ms)[0m  [1mINSERT INTO "customers" ("family_name", "given_name", "email", "company_id", "post_id", "created_at", "updated_at") VALUES (?, ?, ?, ?, ?, ?, ?)[0m  [["family_name", "清水"], ["given_name", "蒼空"], ["email", "beatrice@lueilwitz.name"], ["company_id", 2], ["post_id", 2], ["created_at", "2016-10-16 05:44:52.400812"], ["updated_at", "2016-10-16 05:44:52.400812"]]
  [1m[35m (14.5ms)[0m  commit transaction
  [1m[36m (0.1ms)[0m  [1mbegin transaction[0m
  [1m[35mCustomer Exists (0.2ms)[0m  SELECT  1 AS one FROM "customers" WHERE "customers"."email" = 'dario_paucek@schuster.org' LIMIT 1
  [1m[36mSQL (0.3ms)[0m  [1mINSERT INTO "customers" ("family_name", "given_name", "email", "company_id", "post_id", "created_at", "updated_at") VALUES (?, ?, ?, ?, ?, ?, ?)[0m  [["family_name", "伊藤"], ["given_name", "莉子"], ["email", "dario_paucek@schuster.org"], ["company_id", 1], ["post_id", 2], ["created_at", "2016-10-16 05:44:52.422749"], ["updated_at", "2016-10-16 05:44:52.422749"]]
  [1m[35m (12.4ms)[0m  commit transaction
  [1m[36m (0.1ms)[0m  [1mbegin transaction[0m
  [1m[35mCustomer Exists (0.2ms)[0m  SELECT  1 AS one FROM "customers" WHERE "customers"."email" = 'kennedy@stanton.net' LIMIT 1
  [1m[36mSQL (0.3ms)[0m  [1mINSERT INTO "customers" ("family_name", "given_name", "email", "company_id", "post_id", "created_at", "updated_at") VALUES (?, ?, ?, ?, ?, ?, ?)[0m  [["family_name", "山口"], ["given_name", "結愛"], ["email", "kennedy@stanton.net"], ["company_id", 3], ["post_id", 1], ["created_at", "2016-10-16 05:44:52.439458"], ["updated_at", "2016-10-16 05:44:52.439458"]]
  [1m[35m (9.8ms)[0m  commit transaction
  [1m[36m (0.1ms)[0m  [1mbegin transaction[0m
  [1m[35mCustomer Exists (0.2ms)[0m  SELECT  1 AS one FROM "customers" WHERE "customers"."email" = 'modesto_ledner@hamill.com' LIMIT 1
  [1m[36mSQL (0.3ms)[0m  [1mINSERT INTO "customers" ("family_name", "given_name", "email", "company_id", "post_id", "created_at", "updated_at") VALUES (?, ?, ?, ?, ?, ?, ?)[0m  [["family_name", "山田"], ["given_name", "結愛"], ["email", "modesto_ledner@hamill.com"], ["company_id", 1], ["post_id", 3], ["created_at", "2016-10-16 05:44:52.452891"], ["updated_at", "2016-10-16 05:44:52.452891"]]
  [1m[35m (7.9ms)[0m  commit transaction
  [1m[36m (0.1ms)[0m  [1mbegin transaction[0m
  [1m[35mCustomer Exists (0.3ms)[0m  SELECT  1 AS one FROM "customers" WHERE "customers"."email" = 'korey@lindgren.com' LIMIT 1
  [1m[36mSQL (0.3ms)[0m  [1mINSERT INTO "customers" ("family_name", "given_name", "email", "company_id", "post_id", "created_at", "updated_at") VALUES (?, ?, ?, ?, ?, ?, ?)[0m  [["family_name", "清水"], ["given_name", "杏"], ["email", "korey@lindgren.com"], ["company_id", 1], ["post_id", 1], ["created_at", "2016-10-16 05:44:52.465183"], ["updated_at", "2016-10-16 05:44:52.465183"]]
  [1m[35m (10.6ms)[0m  commit transaction
  [1m[36m (0.1ms)[0m  [1mbegin transaction[0m
  [1m[35mCustomer Exists (0.2ms)[0m  SELECT  1 AS one FROM "customers" WHERE "customers"."email" = 'constantin_crooks@zieme.org' LIMIT 1
  [1m[36mSQL (0.3ms)[0m  [1mINSERT INTO "customers" ("family_name", "given_name", "email", "company_id", "post_id", "created_at", "updated_at") VALUES (?, ?, ?, ?, ?, ?, ?)[0m  [["family_name", "伊藤"], ["given_name", "結愛"], ["email", "constantin_crooks@zieme.org"], ["company_id", 3], ["post_id", 4], ["created_at", "2016-10-16 05:44:52.480569"], ["updated_at", "2016-10-16 05:44:52.480569"]]
  [1m[35m (7.6ms)[0m  commit transaction
  [1m[36m (0.1ms)[0m  [1mbegin transaction[0m
  [1m[35mCustomer Exists (0.2ms)[0m  SELECT  1 AS one FROM "customers" WHERE "customers"."email" = 'angeline@jacobiwolff.com' LIMIT 1
  [1m[36mSQL (0.3ms)[0m  [1mINSERT INTO "customers" ("family_name", "given_name", "email", "company_id", "post_id", "created_at", "updated_at") VALUES (?, ?, ?, ?, ?, ?, ?)[0m  [["family_name", "山口"], ["given_name", "大翔"], ["email", "angeline@jacobiwolff.com"], ["company_id", 3], ["post_id", 1], ["created_at", "2016-10-16 05:44:52.492061"], ["updated_at", "2016-10-16 05:44:52.492061"]]
  [1m[35m (11.6ms)[0m  commit transaction
  [1m[36m (0.1ms)[0m  [1mbegin transaction[0m
  [1m[35mCustomer Exists (0.3ms)[0m  SELECT  1 AS one FROM "customers" WHERE "customers"."email" = 'leland@bergstromschmidt.info' LIMIT 1
  [1m[36mSQL (0.4ms)[0m  [1mINSERT INTO "customers" ("family_name", "given_name", "email", "company_id", "post_id", "created_at", "updated_at") VALUES (?, ?, ?, ?, ?, ?, ?)[0m  [["family_name", "高橋"], ["given_name", "颯太"], ["email", "leland@bergstromschmidt.info"], ["company_id", 1], ["post_id", 4], ["created_at", "2016-10-16 05:44:52.507461"], ["updated_at", "2016-10-16 05:44:52.507461"]]
  [1m[35m (10.4ms)[0m  commit transaction
  [1m[36m (0.2ms)[0m  [1mbegin transaction[0m
  [1m[35mCustomer Exists (0.3ms)[0m  SELECT  1 AS one FROM "customers" WHERE "customers"."email" = 'ezra@reichert.name' LIMIT 1
  [1m[36mSQL (0.4ms)[0m  [1mINSERT INTO "customers" ("family_name", "given_name", "email", "company_id", "post_id", "created_at", "updated_at") VALUES (?, ?, ?, ?, ?, ?, ?)[0m  [["family_name", "井上"], ["given_name", "翼"], ["email", "ezra@reichert.name"], ["company_id", 2], ["post_id", 4], ["created_at", "2016-10-16 05:44:52.523998"], ["updated_at", "2016-10-16 05:44:52.523998"]]
  [1m[35m (10.1ms)[0m  commit transaction
  [1m[36m (0.1ms)[0m  [1mbegin transaction[0m
  [1m[35mCustomer Exists (0.2ms)[0m  SELECT  1 AS one FROM "customers" WHERE "customers"."email" = 'timothy_feeney@oberbrunner.co' LIMIT 1
  [1m[36mSQL (0.3ms)[0m  [1mINSERT INTO "customers" ("family_name", "given_name", "email", "company_id", "post_id", "created_at", "updated_at") VALUES (?, ?, ?, ?, ?, ?, ?)[0m  [["family_name", "山田"], ["given_name", "陸斗"], ["email", "timothy_feeney@oberbrunner.co"], ["company_id", 3], ["post_id", 1], ["created_at", "2016-10-16 05:44:52.539026"], ["updated_at", "2016-10-16 05:44:52.539026"]]
  [1m[35m (10.5ms)[0m  commit transaction
  [1m[36m (0.1ms)[0m  [1mbegin transaction[0m
  [1m[35mCustomer Exists (0.2ms)[0m  SELECT  1 AS one FROM "customers" WHERE "customers"."email" = 'khalil_white@bruen.net' LIMIT 1
  [1m[36mSQL (0.3ms)[0m  [1mINSERT INTO "customers" ("family_name", "given_name", "email", "company_id", "post_id", "created_at", "updated_at") VALUES (?, ?, ?, ?, ?, ?, ?)[0m  [["family_name", "山田"], ["given_name", "結菜"], ["email", "khalil_white@bruen.net"], ["company_id", 3], ["post_id", 2], ["created_at", "2016-10-16 05:44:52.553684"], ["updated_at", "2016-10-16 05:44:52.553684"]]
  [1m[35m (11.1ms)[0m  commit transaction
  [1m[36m (0.1ms)[0m  [1mbegin transaction[0m
  [1m[35mCustomer Exists (0.2ms)[0m  SELECT  1 AS one FROM "customers" WHERE "customers"."email" = 'simeon.kovacek@mclaughlinkoepp.io' LIMIT 1
  [1m[36mSQL (0.4ms)[0m  [1mINSERT INTO "customers" ("family_name", "given_name", "email", "company_id", "post_id", "created_at", "updated_at") VALUES (?, ?, ?, ?, ?, ?, ?)[0m  [["family_name", "井上"], ["given_name", "結菜"], ["email", "simeon.kovacek@mclaughlinkoepp.io"], ["company_id", 3], ["post_id", 1], ["created_at", "2016-10-16 05:44:52.569057"], ["updated_at", "2016-10-16 05:44:52.569057"]]
  [1m[35m (11.6ms)[0m  commit transaction
  [1m[36m (0.1ms)[0m  [1mbegin transaction[0m
  [1m[35mCustomer Exists (0.2ms)[0m  SELECT  1 AS one FROM "customers" WHERE "customers"."email" = 'breanna_stark@torp.info' LIMIT 1
  [1m[36mSQL (0.3ms)[0m  [1mINSERT INTO "customers" ("family_name", "given_name", "email", "company_id", "post_id", "created_at", "updated_at") VALUES (?, ?, ?, ?, ?, ?, ?)[0m  [["family_name", "伊藤"], ["given_name", "翼"], ["email", "breanna_stark@torp.info"], ["company_id", 2], ["post_id", 1], ["created_at", "2016-10-16 05:44:52.585456"], ["updated_at", "2016-10-16 05:44:52.585456"]]
  [1m[35m (10.2ms)[0m  commit transaction
  [1m[36m (0.1ms)[0m  [1mbegin transaction[0m
  [1m[35mCustomer Exists (0.3ms)[0m  SELECT  1 AS one FROM "customers" WHERE "customers"."email" = 'mae@aufderhar.co' LIMIT 1
  [1m[36mSQL (0.3ms)[0m  [1mINSERT INTO "customers" ("family_name", "given_name", "email", "company_id", "post_id", "created_at", "updated_at") VALUES (?, ?, ?, ?, ?, ?, ?)[0m  [["family_name", "斎藤"], ["given_name", "心愛"], ["email", "mae@aufderhar.co"], ["company_id", 3], ["post_id", 2], ["created_at", "2016-10-16 05:44:52.601299"], ["updated_at", "2016-10-16 05:44:52.601299"]]
  [1m[35m (10.9ms)[0m  commit transaction
  [1m[36m (0.1ms)[0m  [1mbegin transaction[0m
  [1m[35mCustomer Exists (0.2ms)[0m  SELECT  1 AS one FROM "customers" WHERE "customers"."email" = 'phyllis.ankunding@hettinger.io' LIMIT 1
  [1m[36mSQL (0.3ms)[0m  [1mINSERT INTO "customers" ("family_name", "given_name", "email", "company_id", "post_id", "created_at", "updated_at") VALUES (?, ?, ?, ?, ?, ?, ?)[0m  [["family_name", "佐藤"], ["given_name", "翼"], ["email", "phyllis.ankunding@hettinger.io"], ["company_id", 3], ["post_id", 2], ["created_at", "2016-10-16 05:44:52.616809"], ["updated_at", "2016-10-16 05:44:52.616809"]]
  [1m[35m (10.3ms)[0m  commit transaction
  [1m[36m (0.1ms)[0m  [1mbegin transaction[0m
  [1m[35mCustomer Exists (0.3ms)[0m  SELECT  1 AS one FROM "customers" WHERE "customers"."email" = 'hermann@olson.org' LIMIT 1
  [1m[36mSQL (0.4ms)[0m  [1mINSERT INTO "customers" ("family_name", "given_name", "email", "company_id", "post_id", "created_at", "updated_at") VALUES (?, ?, ?, ?, ?, ?, ?)[0m  [["family_name", "清水"], ["given_name", "樹"], ["email", "hermann@olson.org"], ["company_id", 2], ["post_id", 4], ["created_at", "2016-10-16 05:44:52.632332"], ["updated_at", "2016-10-16 05:44:52.632332"]]
  [1m[35m (10.8ms)[0m  commit transaction
  [1m[36m (0.2ms)[0m  [1mbegin transaction[0m
  [1m[35mCustomer Exists (0.3ms)[0m  SELECT  1 AS one FROM "customers" WHERE "customers"."email" = 'bertha@heathcote.org' LIMIT 1
  [1m[36mSQL (0.5ms)[0m  [1mINSERT INTO "customers" ("family_name", "given_name", "email", "company_id", "post_id", "created_at", "updated_at") VALUES (?, ?, ?, ?, ?, ?, ?)[0m  [["family_name", "山田"], ["given_name", "蒼空"], ["email", "bertha@heathcote.org"], ["company_id", 1], ["post_id", 4], ["created_at", "2016-10-16 05:44:52.649364"], ["updated_at", "2016-10-16 05:44:52.649364"]]
  [1m[35m (14.2ms)[0m  commit transaction
  [1m[36m (0.1ms)[0m  [1mbegin transaction[0m
  [1m[35mCustomer Exists (0.2ms)[0m  SELECT  1 AS one FROM "customers" WHERE "customers"."email" = 'rowland_hoppe@strackemarks.net' LIMIT 1
  [1m[36mSQL (0.3ms)[0m  [1mINSERT INTO "customers" ("family_name", "given_name", "email", "company_id", "post_id", "created_at", "updated_at") VALUES (?, ?, ?, ?, ?, ?, ?)[0m  [["family_name", "小林"], ["given_name", "大翔"], ["email", "rowland_hoppe@strackemarks.net"], ["company_id", 1], ["post_id", 2], ["created_at", "2016-10-16 05:44:52.669389"], ["updated_at", "2016-10-16 05:44:52.669389"]]
  [1m[35m (10.7ms)[0m  commit transaction
  [1m[36m (0.1ms)[0m  [1mbegin transaction[0m
  [1m[35mCustomer Exists (0.2ms)[0m  SELECT  1 AS one FROM "customers" WHERE "customers"."email" = 'alba@moriette.io' LIMIT 1
  [1m[36mSQL (0.4ms)[0m  [1mINSERT INTO "customers" ("family_name", "given_name", "email", "company_id", "post_id", "created_at", "updated_at") VALUES (?, ?, ?, ?, ?, ?, ?)[0m  [["family_name", "佐藤"], ["given_name", "美咲"], ["email", "alba@moriette.io"], ["company_id", 3], ["post_id", 2], ["created_at", "2016-10-16 05:44:52.684621"], ["updated_at", "2016-10-16 05:44:52.684621"]]
  [1m[35m (10.0ms)[0m  commit transaction
  [1m[36m (0.1ms)[0m  [1mbegin transaction[0m
  [1m[35mCustomer Exists (0.2ms)[0m  SELECT  1 AS one FROM "customers" WHERE "customers"."email" = 'marianne@tillmanspinka.biz' LIMIT 1
  [1m[36mSQL (0.3ms)[0m  [1mINSERT INTO "customers" ("family_name", "given_name", "email", "company_id", "post_id", "created_at", "updated_at") VALUES (?, ?, ?, ?, ?, ?, ?)[0m  [["family_name", "井上"], ["given_name", "陽菜"], ["email", "marianne@tillmanspinka.biz"], ["company_id", 3], ["post_id", 2], ["created_at", "2016-10-16 05:44:52.699037"], ["updated_at", "2016-10-16 05:44:52.699037"]]
  [1m[35m (10.3ms)[0m  commit transaction
  [1m[36m (0.1ms)[0m  [1mbegin transaction[0m
  [1m[35mCustomer Exists (0.3ms)[0m  SELECT  1 AS one FROM "customers" WHERE "customers"."email" = 'boyd@legros.biz' LIMIT 1
  [1m[36mSQL (0.4ms)[0m  [1mINSERT INTO "customers" ("family_name", "given_name", "email", "company_id", "post_id", "created_at", "updated_at") VALUES (?, ?, ?, ?, ?, ?, ?)[0m  [["family_name", "斎藤"], ["given_name", "陽翔"], ["email", "boyd@legros.biz"], ["company_id", 3], ["post_id", 4], ["created_at", "2016-10-16 05:44:52.713258"], ["updated_at", "2016-10-16 05:44:52.713258"]]
  [1m[35m (10.7ms)[0m  commit transaction
  [1m[36m (0.1ms)[0m  [1mbegin transaction[0m
  [1m[35mCustomer Exists (0.2ms)[0m  SELECT  1 AS one FROM "customers" WHERE "customers"."email" = 'florence_denesik@shields.io' LIMIT 1
  [1m[36mSQL (0.3ms)[0m  [1mINSERT INTO "customers" ("family_name", "given_name", "email", "company_id", "post_id", "created_at", "updated_at") VALUES (?, ?, ?, ?, ?, ?, ?)[0m  [["family_name", "松本"], ["given_name", "結菜"], ["email", "florence_denesik@shields.io"], ["company_id", 2], ["post_id", 4], ["created_at", "2016-10-16 05:44:52.728742"], ["updated_at", "2016-10-16 05:44:52.728742"]]
  [1m[35m (8.1ms)[0m  commit transaction
  [1m[36m (0.1ms)[0m  [1mbegin transaction[0m
  [1m[35mCustomer Exists (0.3ms)[0m  SELECT  1 AS one FROM "customers" WHERE "customers"."email" = 'elmore@bednar.info' LIMIT 1
  [1m[36mSQL (0.3ms)[0m  [1mINSERT INTO "customers" ("family_name", "given_name", "email", "company_id", "post_id", "created_at", "updated_at") VALUES (?, ?, ?, ?, ?, ?, ?)[0m  [["family_name", "松本"], ["given_name", "結衣"], ["email", "elmore@bednar.info"], ["company_id", 3], ["post_id", 4], ["created_at", "2016-10-16 05:44:52.742371"], ["updated_at", "2016-10-16 05:44:52.742371"]]
  [1m[35m (11.0ms)[0m  commit transaction
  [1m[36m (0.1ms)[0m  [1mbegin transaction[0m
  [1m[35mCustomer Exists (0.2ms)[0m  SELECT  1 AS one FROM "customers" WHERE "customers"."email" = 'gloria_jaskolski@ruelcarroll.co' LIMIT 1
  [1m[36mSQL (0.3ms)[0m  [1mINSERT INTO "customers" ("family_name", "given_name", "email", "company_id", "post_id", "created_at", "updated_at") VALUES (?, ?, ?, ?, ?, ?, ?)[0m  [["family_name", "山田"], ["given_name", "愛菜"], ["email", "gloria_jaskolski@ruelcarroll.co"], ["company_id", 1], ["post_id", 3], ["created_at", "2016-10-16 05:44:52.757574"], ["updated_at", "2016-10-16 05:44:52.757574"]]
  [1m[35m (13.8ms)[0m  commit transaction
  [1m[36m (0.1ms)[0m  [1mbegin transaction[0m
  [1m[35mCustomer Exists (0.3ms)[0m  SELECT  1 AS one FROM "customers" WHERE "customers"."email" = 'carolina@ferry.co' LIMIT 1
  [1m[36mSQL (0.4ms)[0m  [1mINSERT INTO "customers" ("family_name", "given_name", "email", "company_id", "post_id", "created_at", "updated_at") VALUES (?, ?, ?, ?, ?, ?, ?)[0m  [["family_name", "山口"], ["given_name", "莉子"], ["email", "carolina@ferry.co"], ["company_id", 3], ["post_id", 1], ["created_at", "2016-10-16 05:44:52.777116"], ["updated_at", "2016-10-16 05:44:52.777116"]]
  [1m[35m (10.1ms)[0m  commit transaction
  [1m[36m (0.1ms)[0m  [1mbegin transaction[0m
  [1m[35mCustomer Exists (0.2ms)[0m  SELECT  1 AS one FROM "customers" WHERE "customers"."email" = 'carol@mcglynnankunding.io' LIMIT 1
  [1m[36mSQL (0.4ms)[0m  [1mINSERT INTO "customers" ("family_name", "given_name", "email", "company_id", "post_id", "created_at", "updated_at") VALUES (?, ?, ?, ?, ?, ?, ?)[0m  [["family_name", "鈴木"], ["given_name", "結愛"], ["email", "carol@mcglynnankunding.io"], ["company_id", 3], ["post_id", 1], ["created_at", "2016-10-16 05:44:52.791911"], ["updated_at", "2016-10-16 05:44:52.791911"]]
  [1m[35m (8.9ms)[0m  commit transaction
  [1m[36m (0.1ms)[0m  [1mbegin transaction[0m
  [1m[35mCustomer Exists (0.3ms)[0m  SELECT  1 AS one FROM "customers" WHERE "customers"."email" = 'nathan_dicki@eichmannwintheiser.org' LIMIT 1
  [1m[36mSQL (0.3ms)[0m  [1mINSERT INTO "customers" ("family_name", "given_name", "email", "company_id", "post_id", "created_at", "updated_at") VALUES (?, ?, ?, ?, ?, ?, ?)[0m  [["family_name", "渡辺"], ["given_name", "大和"], ["email", "nathan_dicki@eichmannwintheiser.org"], ["company_id", 3], ["post_id", 4], ["created_at", "2016-10-16 05:44:52.805844"], ["updated_at", "2016-10-16 05:44:52.805844"]]
  [1m[35m (10.4ms)[0m  commit transaction
  [1m[36m (0.1ms)[0m  [1mbegin transaction[0m
  [1m[35mCustomer Exists (0.3ms)[0m  SELECT  1 AS one FROM "customers" WHERE "customers"."email" = 'amara@ernser.com' LIMIT 1
  [1m[36mSQL (0.4ms)[0m  [1mINSERT INTO "customers" ("family_name", "given_name", "email", "company_id", "post_id", "created_at", "updated_at") VALUES (?, ?, ?, ?, ?, ?, ?)[0m  [["family_name", "中村"], ["given_name", "結菜"], ["email", "amara@ernser.com"], ["company_id", 1], ["post_id", 1], ["created_at", "2016-10-16 05:44:52.821584"], ["updated_at", "2016-10-16 05:44:52.821584"]]
  [1m[35m (9.5ms)[0m  commit transaction
  [1m[36m (0.1ms)[0m  [1mbegin transaction[0m
  [1m[35mCustomer Exists (0.2ms)[0m  SELECT  1 AS one FROM "customers" WHERE "customers"."email" = 'keenan@mosciski.co' LIMIT 1
  [1m[36mSQL (0.3ms)[0m  [1mINSERT INTO "customers" ("family_name", "given_name", "email", "company_id", "post_id", "created_at", "updated_at") VALUES (?, ?, ?, ?, ?, ?, ?)[0m  [["family_name", "井上"], ["given_name", "陽菜"], ["email", "keenan@mosciski.co"], ["company_id", 1], ["post_id", 2], ["created_at", "2016-10-16 05:44:52.835333"], ["updated_at", "2016-10-16 05:44:52.835333"]]
  [1m[35m (9.8ms)[0m  commit transaction
  [1m[36m (0.1ms)[0m  [1mbegin transaction[0m
  [1m[35mCustomer Exists (0.2ms)[0m  SELECT  1 AS one FROM "customers" WHERE "customers"."email" = 'caandre_renner@lowe.com' LIMIT 1
  [1m[36mSQL (0.3ms)[0m  [1mINSERT INTO "customers" ("family_name", "given_name", "email", "company_id", "post_id", "created_at", "updated_at") VALUES (?, ?, ?, ?, ?, ?, ?)[0m  [["family_name", "小林"], ["given_name", "太一"], ["email", "caandre_renner@lowe.com"], ["company_id", 1], ["post_id", 1], ["created_at", "2016-10-16 05:44:52.848842"], ["updated_at", "2016-10-16 05:44:52.848842"]]
  [1m[35m (8.1ms)[0m  commit transaction
  [1m[36m (0.1ms)[0m  [1mbegin transaction[0m
  [1m[35mCustomer Exists (0.3ms)[0m  SELECT  1 AS one FROM "customers" WHERE "customers"."email" = 'nikko.macgyver@abernathyturcotte.net' LIMIT 1
  [1m[36mSQL (0.3ms)[0m  [1mINSERT INTO "customers" ("family_name", "given_name", "email", "company_id", "post_id", "created_at", "updated_at") VALUES (?, ?, ?, ?, ?, ?, ?)[0m  [["family_name", "松本"], ["given_name", "陽菜"], ["email", "nikko.macgyver@abernathyturcotte.net"], ["company_id", 1], ["post_id", 1], ["created_at", "2016-10-16 05:44:52.862252"], ["updated_at", "2016-10-16 05:44:52.862252"]]
  [1m[35m (10.5ms)[0m  commit transaction
  [1m[36m (0.1ms)[0m  [1mbegin transaction[0m
  [1m[35mCustomer Exists (0.3ms)[0m  SELECT  1 AS one FROM "customers" WHERE "customers"."email" = 'jasper@kirlin.net' LIMIT 1
  [1m[36mSQL (0.3ms)[0m  [1mINSERT INTO "customers" ("family_name", "given_name", "email", "company_id", "post_id", "created_at", "updated_at") VALUES (?, ?, ?, ?, ?, ?, ?)[0m  [["family_name", "田中"], ["given_name", "結衣"], ["email", "jasper@kirlin.net"], ["company_id", 2], ["post_id", 4], ["created_at", "2016-10-16 05:44:52.878048"], ["updated_at", "2016-10-16 05:44:52.878048"]]
  [1m[35m (10.1ms)[0m  commit transaction
  [1m[36m (0.1ms)[0m  [1mbegin transaction[0m
  [1m[35mCustomer Exists (0.3ms)[0m  SELECT  1 AS one FROM "customers" WHERE "customers"."email" = 'twila.mcclure@dare.biz' LIMIT 1
  [1m[36mSQL (0.4ms)[0m  [1mINSERT INTO "customers" ("family_name", "given_name", "email", "company_id", "post_id", "created_at", "updated_at") VALUES (?, ?, ?, ?, ?, ?, ?)[0m  [["family_name", "井上"], ["given_name", "蓮"], ["email", "twila.mcclure@dare.biz"], ["company_id", 3], ["post_id", 3], ["created_at", "2016-10-16 05:44:52.893456"], ["updated_at", "2016-10-16 05:44:52.893456"]]
  [1m[35m (10.9ms)[0m  commit transaction
  [1m[36m (0.1ms)[0m  [1mbegin transaction[0m
  [1m[35mCustomer Exists (0.2ms)[0m  SELECT  1 AS one FROM "customers" WHERE "customers"."email" = 'selena@auer.com' LIMIT 1
  [1m[36mSQL (0.8ms)[0m  [1mINSERT INTO "customers" ("family_name", "given_name", "email", "company_id", "post_id", "created_at", "updated_at") VALUES (?, ?, ?, ?, ?, ?, ?)[0m  [["family_name", "清水"], ["given_name", "颯太"], ["email", "selena@auer.com"], ["company_id", 1], ["post_id", 4], ["created_at", "2016-10-16 05:44:52.909175"], ["updated_at", "2016-10-16 05:44:52.909175"]]
  [1m[35m (10.1ms)[0m  commit transaction
  [1m[36m (0.1ms)[0m  [1mbegin transaction[0m
  [1m[35mCustomer Exists (0.2ms)[0m  SELECT  1 AS one FROM "customers" WHERE "customers"."email" = 'francesco.muller@mayert.org' LIMIT 1
  [1m[36mSQL (0.4ms)[0m  [1mINSERT INTO "customers" ("family_name", "given_name", "email", "company_id", "post_id", "created_at", "updated_at") VALUES (?, ?, ?, ?, ?, ?, ?)[0m  [["family_name", "高橋"], ["given_name", "樹"], ["email", "francesco.muller@mayert.org"], ["company_id", 2], ["post_id", 4], ["created_at", "2016-10-16 05:44:52.923365"], ["updated_at", "2016-10-16 05:44:52.923365"]]
  [1m[35m (9.6ms)[0m  commit transaction
  [1m[36m (0.1ms)[0m  [1mbegin transaction[0m
  [1m[35mCustomer Exists (0.2ms)[0m  SELECT  1 AS one FROM "customers" WHERE "customers"."email" = 'nichole_collins@howe.name' LIMIT 1
  [1m[36mSQL (0.3ms)[0m  [1mINSERT INTO "customers" ("family_name", "given_name", "email", "company_id", "post_id", "created_at", "updated_at") VALUES (?, ?, ?, ?, ?, ?, ?)[0m  [["family_name", "中村"], ["given_name", "結衣"], ["email", "nichole_collins@howe.name"], ["company_id", 3], ["post_id", 4], ["created_at", "2016-10-16 05:44:52.938014"], ["updated_at", "2016-10-16 05:44:52.938014"]]
  [1m[35m (9.9ms)[0m  commit transaction
  [1m[36m (0.1ms)[0m  [1mbegin transaction[0m
  [1m[35mCustomer Exists (0.2ms)[0m  SELECT  1 AS one FROM "customers" WHERE "customers"."email" = 'stephanie@kulasoreilly.info' LIMIT 1
  [1m[36mSQL (0.3ms)[0m  [1mINSERT INTO "customers" ("family_name", "given_name", "email", "company_id", "post_id", "created_at", "updated_at") VALUES (?, ?, ?, ?, ?, ?, ?)[0m  [["family_name", "吉田"], ["given_name", "愛菜"], ["email", "stephanie@kulasoreilly.info"], ["company_id", 2], ["post_id", 3], ["created_at", "2016-10-16 05:44:52.951807"], ["updated_at", "2016-10-16 05:44:52.951807"]]
  [1m[35m (11.1ms)[0m  commit transaction
  [1m[36m (0.1ms)[0m  [1mbegin transaction[0m
  [1m[35mCustomer Exists (0.2ms)[0m  SELECT  1 AS one FROM "customers" WHERE "customers"."email" = 'myah_christiansen@beattybosco.name' LIMIT 1
  [1m[36mSQL (0.4ms)[0m  [1mINSERT INTO "customers" ("family_name", "given_name", "email", "company_id", "post_id", "created_at", "updated_at") VALUES (?, ?, ?, ?, ?, ?, ?)[0m  [["family_name", "高橋"], ["given_name", "陽翔"], ["email", "myah_christiansen@beattybosco.name"], ["company_id", 1], ["post_id", 1], ["created_at", "2016-10-16 05:44:52.967406"], ["updated_at", "2016-10-16 05:44:52.967406"]]
  [1m[35m (11.0ms)[0m  commit transaction
  [1m[36m (0.1ms)[0m  [1mbegin transaction[0m
  [1m[35mCustomer Exists (0.3ms)[0m  SELECT  1 AS one FROM "customers" WHERE "customers"."email" = 'skylar.shanahan@bechtelar.co' LIMIT 1
  [1m[36mSQL (0.3ms)[0m  [1mINSERT INTO "customers" ("family_name", "given_name", "email", "company_id", "post_id", "created_at", "updated_at") VALUES (?, ?, ?, ?, ?, ?, ?)[0m  [["family_name", "加藤"], ["given_name", "翼"], ["email", "skylar.shanahan@bechtelar.co"], ["company_id", 3], ["post_id", 2], ["created_at", "2016-10-16 05:44:52.983930"], ["updated_at", "2016-10-16 05:44:52.983930"]]
  [1m[35m (14.9ms)[0m  commit transaction
  [1m[36m (0.1ms)[0m  [1mbegin transaction[0m
  [1m[35mCustomer Exists (0.2ms)[0m  SELECT  1 AS one FROM "customers" WHERE "customers"."email" = 'ivah_mayer@braun.co' LIMIT 1
  [1m[36mSQL (0.3ms)[0m  [1mINSERT INTO "customers" ("family_name", "given_name", "email", "company_id", "post_id", "created_at", "updated_at") VALUES (?, ?, ?, ?, ?, ?, ?)[0m  [["family_name", "渡辺"], ["given_name", "陽翔"], ["email", "ivah_mayer@braun.co"], ["company_id", 1], ["post_id", 4], ["created_at", "2016-10-16 05:44:53.003199"], ["updated_at", "2016-10-16 05:44:53.003199"]]
  [1m[35m (11.5ms)[0m  commit transaction
  [1m[36m (0.2ms)[0m  [1mbegin transaction[0m
  [1m[35mCustomer Exists (0.2ms)[0m  SELECT  1 AS one FROM "customers" WHERE "customers"."email" = 'jewel.lind@bode.co' LIMIT 1
  [1m[36mSQL (0.3ms)[0m  [1mINSERT INTO "customers" ("family_name", "given_name", "email", "company_id", "post_id", "created_at", "updated_at") VALUES (?, ?, ?, ?, ?, ?, ?)[0m  [["family_name", "木村"], ["given_name", "結愛"], ["email", "jewel.lind@bode.co"], ["company_id", 3], ["post_id", 3], ["created_at", "2016-10-16 05:44:53.019191"], ["updated_at", "2016-10-16 05:44:53.019191"]]
  [1m[35m (13.3ms)[0m  commit transaction
  [1m[36m (0.2ms)[0m  [1mbegin transaction[0m
  [1m[35mCustomer Exists (0.2ms)[0m  SELECT  1 AS one FROM "customers" WHERE "customers"."email" = 'shad_terry@daugherty.info' LIMIT 1
  [1m[36mSQL (0.3ms)[0m  [1mINSERT INTO "customers" ("family_name", "given_name", "email", "company_id", "post_id", "created_at", "updated_at") VALUES (?, ?, ?, ?, ?, ?, ?)[0m  [["family_name", "井上"], ["given_name", "蒼空"], ["email", "shad_terry@daugherty.info"], ["company_id", 2], ["post_id", 4], ["created_at", "2016-10-16 05:44:53.036156"], ["updated_at", "2016-10-16 05:44:53.036156"]]
  [1m[35m (11.1ms)[0m  commit transaction
  [1m[36m (0.6ms)[0m  [1mbegin transaction[0m
  [1m[35mCustomer Exists (0.2ms)[0m  SELECT  1 AS one FROM "customers" WHERE "customers"."email" = 'hilario@cronin.com' LIMIT 1
  [1m[36mSQL (0.4ms)[0m  [1mINSERT INTO "customers" ("family_name", "given_name", "email", "company_id", "post_id", "created_at", "updated_at") VALUES (?, ?, ?, ?, ?, ?, ?)[0m  [["family_name", "佐々木"], ["given_name", "陽翔"], ["email", "hilario@cronin.com"], ["company_id", 2], ["post_id", 1], ["created_at", "2016-10-16 05:44:53.052124"], ["updated_at", "2016-10-16 05:44:53.052124"]]
  [1m[35m (10.0ms)[0m  commit transaction
  [1m[36m (0.1ms)[0m  [1mbegin transaction[0m
  [1m[35mCustomer Exists (0.2ms)[0m  SELECT  1 AS one FROM "customers" WHERE "customers"."email" = 'caidy_dietrich@west.com' LIMIT 1
  [1m[36mSQL (0.3ms)[0m  [1mINSERT INTO "customers" ("family_name", "given_name", "email", "company_id", "post_id", "created_at", "updated_at") VALUES (?, ?, ?, ?, ?, ?, ?)[0m  [["family_name", "松本"], ["given_name", "颯太"], ["email", "caidy_dietrich@west.com"], ["company_id", 2], ["post_id", 1], ["created_at", "2016-10-16 05:44:53.067115"], ["updated_at", "2016-10-16 05:44:53.067115"]]
  [1m[35m (10.0ms)[0m  commit transaction
  [1m[36m (0.1ms)[0m  [1mbegin transaction[0m
  [1m[35mCustomer Exists (0.2ms)[0m  SELECT  1 AS one FROM "customers" WHERE "customers"."email" = 'brennan_romaguera@hoppe.info' LIMIT 1
  [1m[36mSQL (0.3ms)[0m  [1mINSERT INTO "customers" ("family_name", "given_name", "email", "company_id", "post_id", "created_at", "updated_at") VALUES (?, ?, ?, ?, ?, ?, ?)[0m  [["family_name", "山本"], ["given_name", "陸斗"], ["email", "brennan_romaguera@hoppe.info"], ["company_id", 1], ["post_id", 3], ["created_at", "2016-10-16 05:44:53.080448"], ["updated_at", "2016-10-16 05:44:53.080448"]]
  [1m[35m (7.7ms)[0m  commit transaction
  [1m[36m (0.1ms)[0m  [1mbegin transaction[0m
  [1m[35mCustomer Exists (0.2ms)[0m  SELECT  1 AS one FROM "customers" WHERE "customers"."email" = 'justine@fahey.com' LIMIT 1
  [1m[36mSQL (0.3ms)[0m  [1mINSERT INTO "customers" ("family_name", "given_name", "email", "company_id", "post_id", "created_at", "updated_at") VALUES (?, ?, ?, ?, ?, ?, ?)[0m  [["family_name", "斎藤"], ["given_name", "杏"], ["email", "justine@fahey.com"], ["company_id", 1], ["post_id", 2], ["created_at", "2016-10-16 05:44:53.091431"], ["updated_at", "2016-10-16 05:44:53.091431"]]
  [1m[35m (12.8ms)[0m  commit transaction
  [1m[36m (0.1ms)[0m  [1mbegin transaction[0m
  [1m[35mCustomer Exists (0.2ms)[0m  SELECT  1 AS one FROM "customers" WHERE "customers"."email" = 'rosie.pagac@ward.org' LIMIT 1
  [1m[36mSQL (0.3ms)[0m  [1mINSERT INTO "customers" ("family_name", "given_name", "email", "company_id", "post_id", "created_at", "updated_at") VALUES (?, ?, ?, ?, ?, ?, ?)[0m  [["family_name", "田中"], ["given_name", "陸斗"], ["email", "rosie.pagac@ward.org"], ["company_id", 3], ["post_id", 3], ["created_at", "2016-10-16 05:44:53.108374"], ["updated_at", "2016-10-16 05:44:53.108374"]]
  [1m[35m (7.8ms)[0m  commit transaction
  [1m[36m (0.1ms)[0m  [1mbegin transaction[0m
  [1m[35mCustomer Exists (0.2ms)[0m  SELECT  1 AS one FROM "customers" WHERE "customers"."email" = 'imelda_kiehn@turnerhowell.io' LIMIT 1
  [1m[36mSQL (0.3ms)[0m  [1mINSERT INTO "customers" ("family_name", "given_name", "email", "company_id", "post_id", "created_at", "updated_at") VALUES (?, ?, ?, ?, ?, ?, ?)[0m  [["family_name", "松本"], ["given_name", "大翔"], ["email", "imelda_kiehn@turnerhowell.io"], ["company_id", 3], ["post_id", 4], ["created_at", "2016-10-16 05:44:53.119744"], ["updated_at", "2016-10-16 05:44:53.119744"]]
  [1m[35m (11.6ms)[0m  commit transaction
  [1m[36m (0.1ms)[0m  [1mbegin transaction[0m
  [1m[35mCustomer Exists (0.2ms)[0m  SELECT  1 AS one FROM "customers" WHERE "customers"."email" = 'ruell.bogisich@fishereffertz.biz' LIMIT 1
  [1m[36mSQL (0.3ms)[0m  [1mINSERT INTO "customers" ("family_name", "given_name", "email", "company_id", "post_id", "created_at", "updated_at") VALUES (?, ?, ?, ?, ?, ?, ?)[0m  [["family_name", "山田"], ["given_name", "大翔"], ["email", "ruell.bogisich@fishereffertz.biz"], ["company_id", 3], ["post_id", 1], ["created_at", "2016-10-16 05:44:53.135489"], ["updated_at", "2016-10-16 05:44:53.135489"]]
  [1m[35m (11.7ms)[0m  commit transaction
  [1m[36m (0.1ms)[0m  [1mbegin transaction[0m
  [1m[35mCustomer Exists (0.2ms)[0m  SELECT  1 AS one FROM "customers" WHERE "customers"."email" = 'eudora_walsh@toy.biz' LIMIT 1
  [1m[36mSQL (0.3ms)[0m  [1mINSERT INTO "customers" ("family_name", "given_name", "email", "company_id", "post_id", "created_at", "updated_at") VALUES (?, ?, ?, ?, ?, ?, ?)[0m  [["family_name", "木村"], ["given_name", "蒼空"], ["email", "eudora_walsh@toy.biz"], ["company_id", 2], ["post_id", 2], ["created_at", "2016-10-16 05:44:53.151437"], ["updated_at", "2016-10-16 05:44:53.151437"]]
  [1m[35m (10.0ms)[0m  commit transaction
  [1m[36m (0.1ms)[0m  [1mbegin transaction[0m
  [1m[35mCustomer Exists (0.2ms)[0m  SELECT  1 AS one FROM "customers" WHERE "customers"."email" = 'devyn.pfannerstill@kozey.com' LIMIT 1
  [1m[36mSQL (0.3ms)[0m  [1mINSERT INTO "customers" ("family_name", "given_name", "email", "company_id", "post_id", "created_at", "updated_at") VALUES (?, ?, ?, ?, ?, ?, ?)[0m  [["family_name", "山本"], ["given_name", "蒼空"], ["email", "devyn.pfannerstill@kozey.com"], ["company_id", 3], ["post_id", 1], ["created_at", "2016-10-16 05:44:53.165750"], ["updated_at", "2016-10-16 05:44:53.165750"]]
  [1m[35m (10.5ms)[0m  commit transaction
  [1m[36m (0.1ms)[0m  [1mbegin transaction[0m
  [1m[35mCustomer Exists (0.2ms)[0m  SELECT  1 AS one FROM "customers" WHERE "customers"."email" = 'amanda@smithamdouglas.biz' LIMIT 1
  [1m[36mSQL (0.3ms)[0m  [1mINSERT INTO "customers" ("family_name", "given_name", "email", "company_id", "post_id", "created_at", "updated_at") VALUES (?, ?, ?, ?, ?, ?, ?)[0m  [["family_name", "清水"], ["given_name", "陽翔"], ["email", "amanda@smithamdouglas.biz"], ["company_id", 2], ["post_id", 2], ["created_at", "2016-10-16 05:44:53.180303"], ["updated_at", "2016-10-16 05:44:53.180303"]]
  [1m[35m (8.4ms)[0m  commit transaction
  [1m[36m (0.1ms)[0m  [1mbegin transaction[0m
  [1m[35mCustomer Exists (0.3ms)[0m  SELECT  1 AS one FROM "customers" WHERE "customers"."email" = 'xander@toyhodkiewicz.com' LIMIT 1
  [1m[36mSQL (0.4ms)[0m  [1mINSERT INTO "customers" ("family_name", "given_name", "email", "company_id", "post_id", "created_at", "updated_at") VALUES (?, ?, ?, ?, ?, ?, ?)[0m  [["family_name", "伊藤"], ["given_name", "蓮"], ["email", "xander@toyhodkiewicz.com"], ["company_id", 3], ["post_id", 1], ["created_at", "2016-10-16 05:44:53.193698"], ["updated_at", "2016-10-16 05:44:53.193698"]]
  [1m[35m (12.5ms)[0m  commit transaction
  [1m[36m (0.2ms)[0m  [1mbegin transaction[0m
  [1m[35mCustomer Exists (0.3ms)[0m  SELECT  1 AS one FROM "customers" WHERE "customers"."email" = 'lewis@gislason.io' LIMIT 1
  [1m[36mSQL (0.3ms)[0m  [1mINSERT INTO "customers" ("family_name", "given_name", "email", "company_id", "post_id", "created_at", "updated_at") VALUES (?, ?, ?, ?, ?, ?, ?)[0m  [["family_name", "伊藤"], ["given_name", "樹"], ["email", "lewis@gislason.io"], ["company_id", 2], ["post_id", 3], ["created_at", "2016-10-16 05:44:53.212865"], ["updated_at", "2016-10-16 05:44:53.212865"]]
  [1m[35m (26.2ms)[0m  commit transaction
  [1m[36m (0.1ms)[0m  [1mbegin transaction[0m
  [1m[35mCustomer Exists (0.2ms)[0m  SELECT  1 AS one FROM "customers" WHERE "customers"."email" = 'golda@bayer.io' LIMIT 1
  [1m[36mSQL (0.3ms)[0m  [1mINSERT INTO "customers" ("family_name", "given_name", "email", "company_id", "post_id", "created_at", "updated_at") VALUES (?, ?, ?, ?, ?, ?, ?)[0m  [["family_name", "山口"], ["given_name", "結衣"], ["email", "golda@bayer.io"], ["company_id", 1], ["post_id", 2], ["created_at", "2016-10-16 05:44:53.244129"], ["updated_at", "2016-10-16 05:44:53.244129"]]
  [1m[35m (9.1ms)[0m  commit transaction
  [1m[36m (0.1ms)[0m  [1mbegin transaction[0m
  [1m[35mCustomer Exists (0.3ms)[0m  SELECT  1 AS one FROM "customers" WHERE "customers"."email" = 'moriah.rice@paucek.biz' LIMIT 1
  [1m[36mSQL (0.5ms)[0m  [1mINSERT INTO "customers" ("family_name", "given_name", "email", "company_id", "post_id", "created_at", "updated_at") VALUES (?, ?, ?, ?, ?, ?, ?)[0m  [["family_name", "林"], ["given_name", "陽菜"], ["email", "moriah.rice@paucek.biz"], ["company_id", 2], ["post_id", 4], ["created_at", "2016-10-16 05:44:53.258375"], ["updated_at", "2016-10-16 05:44:53.258375"]]
  [1m[35m (9.9ms)[0m  commit transaction
  [1m[36m (0.1ms)[0m  [1mbegin transaction[0m
  [1m[35mCustomer Exists (0.3ms)[0m  SELECT  1 AS one FROM "customers" WHERE "customers"."email" = 'gardner.sporer@romaguera.co' LIMIT 1
  [1m[36mSQL (0.4ms)[0m  [1mINSERT INTO "customers" ("family_name", "given_name", "email", "company_id", "post_id", "created_at", "updated_at") VALUES (?, ?, ?, ?, ?, ?, ?)[0m  [["family_name", "中村"], ["given_name", "莉子"], ["email", "gardner.sporer@romaguera.co"], ["company_id", 1], ["post_id", 1], ["created_at", "2016-10-16 05:44:53.274324"], ["updated_at", "2016-10-16 05:44:53.274324"]]
  [1m[35m (9.8ms)[0m  commit transaction
  [1m[36m (0.1ms)[0m  [1mbegin transaction[0m
  [1m[35mCustomer Exists (0.3ms)[0m  SELECT  1 AS one FROM "customers" WHERE "customers"."email" = 'nathanael@auerbruen.net' LIMIT 1
  [1m[36mSQL (0.4ms)[0m  [1mINSERT INTO "customers" ("family_name", "given_name", "email", "company_id", "post_id", "created_at", "updated_at") VALUES (?, ?, ?, ?, ?, ?, ?)[0m  [["family_name", "清水"], ["given_name", "心愛"], ["email", "nathanael@auerbruen.net"], ["company_id", 3], ["post_id", 1], ["created_at", "2016-10-16 05:44:53.290141"], ["updated_at", "2016-10-16 05:44:53.290141"]]
  [1m[35m (9.7ms)[0m  commit transaction
  [1m[36m (0.1ms)[0m  [1mbegin transaction[0m
  [1m[35mCustomer Exists (0.3ms)[0m  SELECT  1 AS one FROM "customers" WHERE "customers"."email" = 'brice@lehner.name' LIMIT 1
  [1m[36mSQL (0.4ms)[0m  [1mINSERT INTO "customers" ("family_name", "given_name", "email", "company_id", "post_id", "created_at", "updated_at") VALUES (?, ?, ?, ?, ?, ?, ?)[0m  [["family_name", "松本"], ["given_name", "翼"], ["email", "brice@lehner.name"], ["company_id", 3], ["post_id", 3], ["created_at", "2016-10-16 05:44:53.305854"], ["updated_at", "2016-10-16 05:44:53.305854"]]
  [1m[35m (10.5ms)[0m  commit transaction
  [1m[36m (0.1ms)[0m  [1mbegin transaction[0m
  [1m[35mCustomer Exists (0.3ms)[0m  SELECT  1 AS one FROM "customers" WHERE "customers"."email" = 'aliyah_okon@rice.net' LIMIT 1
  [1m[36mSQL (0.4ms)[0m  [1mINSERT INTO "customers" ("family_name", "given_name", "email", "company_id", "post_id", "created_at", "updated_at") VALUES (?, ?, ?, ?, ?, ?, ?)[0m  [["family_name", "清水"], ["given_name", "美咲"], ["email", "aliyah_okon@rice.net"], ["company_id", 1], ["post_id", 3], ["created_at", "2016-10-16 05:44:53.321885"], ["updated_at", "2016-10-16 05:44:53.321885"]]
  [1m[35m (12.7ms)[0m  commit transaction
  [1m[36m (0.1ms)[0m  [1mbegin transaction[0m
  [1m[35mCustomer Exists (0.3ms)[0m  SELECT  1 AS one FROM "customers" WHERE "customers"."email" = 'darion.langosh@kuhiclabadie.name' LIMIT 1
  [1m[36mSQL (0.3ms)[0m  [1mINSERT INTO "customers" ("family_name", "given_name", "email", "company_id", "post_id", "created_at", "updated_at") VALUES (?, ?, ?, ?, ?, ?, ?)[0m  [["family_name", "木村"], ["given_name", "杏"], ["email", "darion.langosh@kuhiclabadie.name"], ["company_id", 3], ["post_id", 2], ["created_at", "2016-10-16 05:44:53.340854"], ["updated_at", "2016-10-16 05:44:53.340854"]]
  [1m[35m (17.1ms)[0m  commit transaction
  [1m[36m (0.1ms)[0m  [1mbegin transaction[0m
  [1m[35mCustomer Exists (0.4ms)[0m  SELECT  1 AS one FROM "customers" WHERE "customers"."email" = 'lester@reinger.org' LIMIT 1
  [1m[36mSQL (0.4ms)[0m  [1mINSERT INTO "customers" ("family_name", "given_name", "email", "company_id", "post_id", "created_at", "updated_at") VALUES (?, ?, ?, ?, ?, ?, ?)[0m  [["family_name", "伊藤"], ["given_name", "太一"], ["email", "lester@reinger.org"], ["company_id", 1], ["post_id", 4], ["created_at", "2016-10-16 05:44:53.365695"], ["updated_at", "2016-10-16 05:44:53.365695"]]
  [1m[35m (9.6ms)[0m  commit transaction
  [1m[36m (0.1ms)[0m  [1mbegin transaction[0m
  [1m[35mCustomer Exists (0.2ms)[0m  SELECT  1 AS one FROM "customers" WHERE "customers"."email" = 'winfield.osinski@stehr.org' LIMIT 1
  [1m[36mSQL (0.3ms)[0m  [1mINSERT INTO "customers" ("family_name", "given_name", "email", "company_id", "post_id", "created_at", "updated_at") VALUES (?, ?, ?, ?, ?, ?, ?)[0m  [["family_name", "加藤"], ["given_name", "蓮"], ["email", "winfield.osinski@stehr.org"], ["company_id", 3], ["post_id", 1], ["created_at", "2016-10-16 05:44:53.379995"], ["updated_at", "2016-10-16 05:44:53.379995"]]
  [1m[35m (11.0ms)[0m  commit transaction
  [1m[36m (0.1ms)[0m  [1mbegin transaction[0m
  [1m[35mCustomer Exists (0.3ms)[0m  SELECT  1 AS one FROM "customers" WHERE "customers"."email" = 'davion.mertz@kuhlman.info' LIMIT 1
  [1m[36mSQL (0.4ms)[0m  [1mINSERT INTO "customers" ("family_name", "given_name", "email", "company_id", "post_id", "created_at", "updated_at") VALUES (?, ?, ?, ?, ?, ?, ?)[0m  [["family_name", "清水"], ["given_name", "颯太"], ["email", "davion.mertz@kuhlman.info"], ["company_id", 2], ["post_id", 4], ["created_at", "2016-10-16 05:44:53.394965"], ["updated_at", "2016-10-16 05:44:53.394965"]]
  [1m[35m (10.1ms)[0m  commit transaction
  [1m[36m (0.1ms)[0m  [1mbegin transaction[0m
  [1m[35mCustomer Exists (0.3ms)[0m  SELECT  1 AS one FROM "customers" WHERE "customers"."email" = 'loyce.reichel@blick.co' LIMIT 1
  [1m[36mSQL (0.4ms)[0m  [1mINSERT INTO "customers" ("family_name", "given_name", "email", "company_id", "post_id", "created_at", "updated_at") VALUES (?, ?, ?, ?, ?, ?, ?)[0m  [["family_name", "田中"], ["given_name", "陽翔"], ["email", "loyce.reichel@blick.co"], ["company_id", 3], ["post_id", 2], ["created_at", "2016-10-16 05:44:53.410682"], ["updated_at", "2016-10-16 05:44:53.410682"]]
  [1m[35m (11.8ms)[0m  commit transaction
  [1m[36m (0.1ms)[0m  [1mbegin transaction[0m
  [1m[35mCustomer Exists (0.3ms)[0m  SELECT  1 AS one FROM "customers" WHERE "customers"."email" = 'marcelo@raynoradams.name' LIMIT 1
  [1m[36mSQL (0.5ms)[0m  [1mINSERT INTO "customers" ("family_name", "given_name", "email", "company_id", "post_id", "created_at", "updated_at") VALUES (?, ?, ?, ?, ?, ?, ?)[0m  [["family_name", "松本"], ["given_name", "心愛"], ["email", "marcelo@raynoradams.name"], ["company_id", 1], ["post_id", 3], ["created_at", "2016-10-16 05:44:53.428400"], ["updated_at", "2016-10-16 05:44:53.428400"]]
  [1m[35m (10.9ms)[0m  commit transaction
  [1m[36m (0.1ms)[0m  [1mbegin transaction[0m
  [1m[35mCustomer Exists (0.3ms)[0m  SELECT  1 AS one FROM "customers" WHERE "customers"."email" = 'jerald@robel.org' LIMIT 1
  [1m[36mSQL (0.4ms)[0m  [1mINSERT INTO "customers" ("family_name", "given_name", "email", "company_id", "post_id", "created_at", "updated_at") VALUES (?, ?, ?, ?, ?, ?, ?)[0m  [["family_name", "松本"], ["given_name", "大和"], ["email", "jerald@robel.org"], ["company_id", 3], ["post_id", 4], ["created_at", "2016-10-16 05:44:53.445280"], ["updated_at", "2016-10-16 05:44:53.445280"]]
  [1m[35m (10.2ms)[0m  commit transaction
  [1m[36m (0.1ms)[0m  [1mbegin transaction[0m
  [1m[35mCustomer Exists (0.2ms)[0m  SELECT  1 AS one FROM "customers" WHERE "customers"."email" = 'don@daniel.biz' LIMIT 1
  [1m[36mSQL (0.4ms)[0m  [1mINSERT INTO "customers" ("family_name", "given_name", "email", "company_id", "post_id", "created_at", "updated_at") VALUES (?, ?, ?, ?, ?, ?, ?)[0m  [["family_name", "小林"], ["given_name", "莉子"], ["email", "don@daniel.biz"], ["company_id", 3], ["post_id", 3], ["created_at", "2016-10-16 05:44:53.460840"], ["updated_at", "2016-10-16 05:44:53.460840"]]
  [1m[35m (10.2ms)[0m  commit transaction
  [1m[36m (0.1ms)[0m  [1mbegin transaction[0m
  [1m[35mCustomer Exists (0.6ms)[0m  SELECT  1 AS one FROM "customers" WHERE "customers"."email" = 'emilia@littelhaag.biz' LIMIT 1
  [1m[36mSQL (0.6ms)[0m  [1mINSERT INTO "customers" ("family_name", "given_name", "email", "company_id", "post_id", "created_at", "updated_at") VALUES (?, ?, ?, ?, ?, ?, ?)[0m  [["family_name", "山口"], ["given_name", "陽菜"], ["email", "emilia@littelhaag.biz"], ["company_id", 1], ["post_id", 4], ["created_at", "2016-10-16 05:44:53.476224"], ["updated_at", "2016-10-16 05:44:53.476224"]]
  [1m[35m (10.8ms)[0m  commit transaction
  [1m[36m (0.1ms)[0m  [1mbegin transaction[0m
  [1m[35mCustomer Exists (0.3ms)[0m  SELECT  1 AS one FROM "customers" WHERE "customers"."email" = 'edna@pollich.biz' LIMIT 1
  [1m[36mSQL (0.4ms)[0m  [1mINSERT INTO "customers" ("family_name", "given_name", "email", "company_id", "post_id", "created_at", "updated_at") VALUES (?, ?, ?, ?, ?, ?, ?)[0m  [["family_name", "伊藤"], ["given_name", "莉子"], ["email", "edna@pollich.biz"], ["company_id", 2], ["post_id", 3], ["created_at", "2016-10-16 05:44:53.492489"], ["updated_at", "2016-10-16 05:44:53.492489"]]
  [1m[35m (10.6ms)[0m  commit transaction
  [1m[36m (0.1ms)[0m  [1mbegin transaction[0m
  [1m[35mCustomer Exists (0.2ms)[0m  SELECT  1 AS one FROM "customers" WHERE "customers"."email" = 'eldora@borer.biz' LIMIT 1
  [1m[36mSQL (0.4ms)[0m  [1mINSERT INTO "customers" ("family_name", "given_name", "email", "company_id", "post_id", "created_at", "updated_at") VALUES (?, ?, ?, ?, ?, ?, ?)[0m  [["family_name", "加藤"], ["given_name", "愛菜"], ["email", "eldora@borer.biz"], ["company_id", 1], ["post_id", 2], ["created_at", "2016-10-16 05:44:53.507605"], ["updated_at", "2016-10-16 05:44:53.507605"]]
  [1m[35m (11.8ms)[0m  commit transaction
  [1m[36m (0.1ms)[0m  [1mbegin transaction[0m
  [1m[35mCustomer Exists (0.2ms)[0m  SELECT  1 AS one FROM "customers" WHERE "customers"."email" = 'blanche@emmerich.biz' LIMIT 1
  [1m[36mSQL (0.4ms)[0m  [1mINSERT INTO "customers" ("family_name", "given_name", "email", "company_id", "post_id", "created_at", "updated_at") VALUES (?, ?, ?, ?, ?, ?, ?)[0m  [["family_name", "鈴木"], ["given_name", "莉子"], ["email", "blanche@emmerich.biz"], ["company_id", 3], ["post_id", 3], ["created_at", "2016-10-16 05:44:53.523802"], ["updated_at", "2016-10-16 05:44:53.523802"]]
  [1m[35m (12.1ms)[0m  commit transaction
  [1m[36m (0.1ms)[0m  [1mbegin transaction[0m
  [1m[35mCustomer Exists (0.2ms)[0m  SELECT  1 AS one FROM "customers" WHERE "customers"."email" = 'janae@halvorsondurgan.net' LIMIT 1
  [1m[36mSQL (0.3ms)[0m  [1mINSERT INTO "customers" ("family_name", "given_name", "email", "company_id", "post_id", "created_at", "updated_at") VALUES (?, ?, ?, ?, ?, ?, ?)[0m  [["family_name", "山田"], ["given_name", "陽翔"], ["email", "janae@halvorsondurgan.net"], ["company_id", 2], ["post_id", 3], ["created_at", "2016-10-16 05:44:53.540014"], ["updated_at", "2016-10-16 05:44:53.540014"]]
  [1m[35m (11.8ms)[0m  commit transaction
  [1m[36m (0.1ms)[0m  [1mbegin transaction[0m
  [1m[35mCustomer Exists (0.2ms)[0m  SELECT  1 AS one FROM "customers" WHERE "customers"."email" = 'jarret_schmeler@bartoletti.info' LIMIT 1
  [1m[36mSQL (0.3ms)[0m  [1mINSERT INTO "customers" ("family_name", "given_name", "email", "company_id", "post_id", "created_at", "updated_at") VALUES (?, ?, ?, ?, ?, ?, ?)[0m  [["family_name", "佐々木"], ["given_name", "大翔"], ["email", "jarret_schmeler@bartoletti.info"], ["company_id", 1], ["post_id", 3], ["created_at", "2016-10-16 05:44:53.556346"], ["updated_at", "2016-10-16 05:44:53.556346"]]
  [1m[35m (10.5ms)[0m  commit transaction
  [1m[36m (0.1ms)[0m  [1mbegin transaction[0m
  [1m[35mCustomer Exists (0.2ms)[0m  SELECT  1 AS one FROM "customers" WHERE "customers"."email" = 'joany@price.co' LIMIT 1
  [1m[36mSQL (0.3ms)[0m  [1mINSERT INTO "customers" ("family_name", "given_name", "email", "company_id", "post_id", "created_at", "updated_at") VALUES (?, ?, ?, ?, ?, ?, ?)[0m  [["family_name", "山口"], ["given_name", "心愛"], ["email", "joany@price.co"], ["company_id", 3], ["post_id", 3], ["created_at", "2016-10-16 05:44:53.570959"], ["updated_at", "2016-10-16 05:44:53.570959"]]
  [1m[35m (10.2ms)[0m  commit transaction
  [1m[36m (0.1ms)[0m  [1mbegin transaction[0m
  [1m[35mCustomer Exists (0.3ms)[0m  SELECT  1 AS one FROM "customers" WHERE "customers"."email" = 'orval@watsicamarvin.org' LIMIT 1
  [1m[36mSQL (0.4ms)[0m  [1mINSERT INTO "customers" ("family_name", "given_name", "email", "company_id", "post_id", "created_at", "updated_at") VALUES (?, ?, ?, ?, ?, ?, ?)[0m  [["family_name", "木村"], ["given_name", "樹"], ["email", "orval@watsicamarvin.org"], ["company_id", 1], ["post_id", 4], ["created_at", "2016-10-16 05:44:53.585852"], ["updated_at", "2016-10-16 05:44:53.585852"]]
  [1m[35m (9.6ms)[0m  commit transaction
  [1m[36m (0.1ms)[0m  [1mbegin transaction[0m
  [1m[35mCustomer Exists (0.3ms)[0m  SELECT  1 AS one FROM "customers" WHERE "customers"."email" = 'berta@prosacco.org' LIMIT 1
  [1m[36mSQL (0.4ms)[0m  [1mINSERT INTO "customers" ("family_name", "given_name", "email", "company_id", "post_id", "created_at", "updated_at") VALUES (?, ?, ?, ?, ?, ?, ?)[0m  [["family_name", "山口"], ["given_name", "翼"], ["email", "berta@prosacco.org"], ["company_id", 1], ["post_id", 2], ["created_at", "2016-10-16 05:44:53.601109"], ["updated_at", "2016-10-16 05:44:53.601109"]]
  [1m[35m (13.2ms)[0m  commit transaction


Started GET "/" for 153.230.35.172 at 2016-10-16 05:48:50 +0000
Cannot render console from 153.230.35.172! Allowed networks: 127.0.0.1, ::1, 127.0.0.0/127.255.255.255
  [1m[36mActiveRecord::SchemaMigration Load (0.2ms)[0m  [1mSELECT "schema_migrations".* FROM "schema_migrations"[0m
Processing by CustomersController#index as HTML
  [1m[35mCustomer Load (0.5ms)[0m  SELECT  DISTINCT "customers".* FROM "customers" LIMIT 25 OFFSET 0
  [1m[36mCompany Load (0.3ms)[0m  [1mSELECT  "companies".* FROM "companies" WHERE "companies"."id" = ? LIMIT 1[0m  [["id", 3]]
  [1m[35mPost Load (0.3ms)[0m  SELECT  "posts".* FROM "posts" WHERE "posts"."id" = ? LIMIT 1  [["id", 2]]
  [1m[36mCompany Load (0.1ms)[0m  [1mSELECT  "companies".* FROM "companies" WHERE "companies"."id" = ? LIMIT 1[0m  [["id", 2]]
  [1m[35mPost Load (0.1ms)[0m  SELECT  "posts".* FROM "posts" WHERE "posts"."id" = ? LIMIT 1  [["id", 1]]
  [1m[36mCompany Load (0.2ms)[0m  [1mSELECT  "companies".* FROM "companies" WHERE "companies"."id" = ? LIMIT 1[0m  [["id", 1]]
  [1m[35mCACHE (0.0ms)[0m  SELECT  "posts".* FROM "posts" WHERE "posts"."id" = ? LIMIT 1  [["id", 1]]
  [1m[36mCACHE (0.0ms)[0m  [1mSELECT  "companies".* FROM "companies" WHERE "companies"."id" = ? LIMIT 1[0m  [["id", 3]]
  [1m[35mCACHE (0.0ms)[0m  SELECT  "posts".* FROM "posts" WHERE "posts"."id" = ? LIMIT 1  [["id", 2]]
  [1m[36mCACHE (0.0ms)[0m  [1mSELECT  "companies".* FROM "companies" WHERE "companies"."id" = ? LIMIT 1[0m  [["id", 2]]
  [1m[35mCACHE (0.0ms)[0m  SELECT  "posts".* FROM "posts" WHERE "posts"."id" = ? LIMIT 1  [["id", 1]]
  [1m[36mCACHE (6.2ms)[0m  [1mSELECT  "companies".* FROM "companies" WHERE "companies"."id" = ? LIMIT 1[0m  [["id", 2]]
  [1m[35mPost Load (0.2ms)[0m  SELECT  "posts".* FROM "posts" WHERE "posts"."id" = ? LIMIT 1  [["id", 4]]
  [1m[36mCACHE (0.0ms)[0m  [1mSELECT  "companies".* FROM "companies" WHERE "companies"."id" = ? LIMIT 1[0m  [["id", 1]]
  [1m[35mCACHE (0.1ms)[0m  SELECT  "posts".* FROM "posts" WHERE "posts"."id" = ? LIMIT 1  [["id", 1]]
  [1m[36mCACHE (0.0ms)[0m  [1mSELECT  "companies".* FROM "companies" WHERE "companies"."id" = ? LIMIT 1[0m  [["id", 3]]
  [1m[35mCACHE (0.0ms)[0m  SELECT  "posts".* FROM "posts" WHERE "posts"."id" = ? LIMIT 1  [["id", 4]]
  [1m[36mCACHE (0.0ms)[0m  [1mSELECT  "companies".* FROM "companies" WHERE "companies"."id" = ? LIMIT 1[0m  [["id", 2]]
  [1m[35mCACHE (0.0ms)[0m  SELECT  "posts".* FROM "posts" WHERE "posts"."id" = ? LIMIT 1  [["id", 4]]
  [1m[36mCACHE (0.0ms)[0m  [1mSELECT  "companies".* FROM "companies" WHERE "companies"."id" = ? LIMIT 1[0m  [["id", 1]]
  [1m[35mCACHE (0.0ms)[0m  SELECT  "posts".* FROM "posts" WHERE "posts"."id" = ? LIMIT 1  [["id", 1]]
  [1m[36mCACHE (0.0ms)[0m  [1mSELECT  "companies".* FROM "companies" WHERE "companies"."id" = ? LIMIT 1[0m  [["id", 1]]
  [1m[35mCACHE (0.0ms)[0m  SELECT  "posts".* FROM "posts" WHERE "posts"."id" = ? LIMIT 1  [["id", 4]]
  [1m[36mCACHE (0.0ms)[0m  [1mSELECT  "companies".* FROM "companies" WHERE "companies"."id" = ? LIMIT 1[0m  [["id", 2]]
  [1m[35mCACHE (0.0ms)[0m  SELECT  "posts".* FROM "posts" WHERE "posts"."id" = ? LIMIT 1  [["id", 1]]
  [1m[36mCACHE (0.0ms)[0m  [1mSELECT  "companies".* FROM "companies" WHERE "companies"."id" = ? LIMIT 1[0m  [["id", 2]]
  [1m[35mPost Load (0.1ms)[0m  SELECT  "posts".* FROM "posts" WHERE "posts"."id" = ? LIMIT 1  [["id", 3]]
  [1m[36mCACHE (0.0ms)[0m  [1mSELECT  "companies".* FROM "companies" WHERE "companies"."id" = ? LIMIT 1[0m  [["id", 3]]
  [1m[35mCACHE (0.0ms)[0m  SELECT  "posts".* FROM "posts" WHERE "posts"."id" = ? LIMIT 1  [["id", 4]]
  [1m[36mCACHE (0.0ms)[0m  [1mSELECT  "companies".* FROM "companies" WHERE "companies"."id" = ? LIMIT 1[0m  [["id", 3]]
  [1m[35mCACHE (0.0ms)[0m  SELECT  "posts".* FROM "posts" WHERE "posts"."id" = ? LIMIT 1  [["id", 2]]
  [1m[36mCACHE (0.0ms)[0m  [1mSELECT  "companies".* FROM "companies" WHERE "companies"."id" = ? LIMIT 1[0m  [["id", 3]]
  [1m[35mCACHE (0.0ms)[0m  SELECT  "posts".* FROM "posts" WHERE "posts"."id" = ? LIMIT 1  [["id", 3]]
  [1m[36mCACHE (0.0ms)[0m  [1mSELECT  "companies".* FROM "companies" WHERE "companies"."id" = ? LIMIT 1[0m  [["id", 3]]
  [1m[35mCACHE (0.0ms)[0m  SELECT  "posts".* FROM "posts" WHERE "posts"."id" = ? LIMIT 1  [["id", 2]]
  [1m[36mCACHE (0.0ms)[0m  [1mSELECT  "companies".* FROM "companies" WHERE "companies"."id" = ? LIMIT 1[0m  [["id", 3]]
  [1m[35mCACHE (0.0ms)[0m  SELECT  "posts".* FROM "posts" WHERE "posts"."id" = ? LIMIT 1  [["id", 3]]
  [1m[36mCACHE (0.0ms)[0m  [1mSELECT  "companies".* FROM "companies" WHERE "companies"."id" = ? LIMIT 1[0m  [["id", 2]]
  [1m[35mCACHE (0.0ms)[0m  SELECT  "posts".* FROM "posts" WHERE "posts"."id" = ? LIMIT 1  [["id", 1]]
  [1m[36mCACHE (0.0ms)[0m  [1mSELECT  "companies".* FROM "companies" WHERE "companies"."id" = ? LIMIT 1[0m  [["id", 3]]
  [1m[35mCACHE (0.0ms)[0m  SELECT  "posts".* FROM "posts" WHERE "posts"."id" = ? LIMIT 1  [["id", 1]]
  [1m[36mCACHE (0.0ms)[0m  [1mSELECT  "companies".* FROM "companies" WHERE "companies"."id" = ? LIMIT 1[0m  [["id", 1]]
  [1m[35mCACHE (0.0ms)[0m  SELECT  "posts".* FROM "posts" WHERE "posts"."id" = ? LIMIT 1  [["id", 2]]
  [1m[36mCACHE (0.0ms)[0m  [1mSELECT  "companies".* FROM "companies" WHERE "companies"."id" = ? LIMIT 1[0m  [["id", 2]]
  [1m[35mCACHE (0.0ms)[0m  SELECT  "posts".* FROM "posts" WHERE "posts"."id" = ? LIMIT 1  [["id", 4]]
  [1m[36mCACHE (0.0ms)[0m  [1mSELECT  "companies".* FROM "companies" WHERE "companies"."id" = ? LIMIT 1[0m  [["id", 3]]
  [1m[35mCACHE (0.0ms)[0m  SELECT  "posts".* FROM "posts" WHERE "posts"."id" = ? LIMIT 1  [["id", 3]]
  [1m[36mCACHE (0.0ms)[0m  [1mSELECT  "companies".* FROM "companies" WHERE "companies"."id" = ? LIMIT 1[0m  [["id", 2]]
  [1m[35mCACHE (0.0ms)[0m  SELECT  "posts".* FROM "posts" WHERE "posts"."id" = ? LIMIT 1  [["id", 2]]
  [1m[36mCACHE (0.1ms)[0m  [1mSELECT  "companies".* FROM "companies" WHERE "companies"."id" = ? LIMIT 1[0m  [["id", 1]]
  [1m[35mCACHE (0.0ms)[0m  SELECT  "posts".* FROM "posts" WHERE "posts"."id" = ? LIMIT 1  [["id", 2]]
  [1m[36m (0.4ms)[0m  [1mSELECT DISTINCT COUNT(DISTINCT "customers"."id") FROM "customers"[0m
  Rendered customers/index.html.erb within layouts/application (555.3ms)
  Rendered layouts/_header.html.erb (3.9ms)
Completed 200 OK in 1302ms (Views: 1168.4ms | ActiveRecord: 10.7ms)


Started GET "/assets/comments.self-e3b0c44298fc1c149afbf4c8996fb92427ae41e4649b934ca495991b7852b855.css?body=1" for 153.230.35.172 at 2016-10-16 05:48:53 +0000
Cannot render console from 153.230.35.172! Allowed networks: 127.0.0.1, ::1, 127.0.0.0/127.255.255.255


Started GET "/assets/jquery_ujs.self-e87806d0cf4489aeb1bb7288016024e8de67fd18db693fe026fe3907581e53cd.js?body=1" for 153.230.35.172 at 2016-10-16 05:48:53 +0000
Cannot render console from 153.230.35.172! Allowed networks: 127.0.0.1, ::1, 127.0.0.0/127.255.255.255


Started GET "/assets/comments.self-877aef30ae1b040ab8a3aba4e3e309a11d7f2612f44dde450b5c157aa5f95c05.js?body=1" for 153.230.35.172 at 2016-10-16 05:48:53 +0000
Cannot render console from 153.230.35.172! Allowed networks: 127.0.0.1, ::1, 127.0.0.0/127.255.255.255


Started GET "/assets/jquery.self-660adc51e0224b731d29f575a6f1ec167ba08ad06ed5deca4f1e8654c135bf4c.js?body=1" for 153.230.35.172 at 2016-10-16 05:48:53 +0000
Cannot render console from 153.230.35.172! Allowed networks: 127.0.0.1, ::1, 127.0.0.0/127.255.255.255


Started GET "/assets/application.self-e80e8f2318043e8af94dddc2adad5a4f09739a8ebb323b3ab31cd71d45fd9113.css?body=1" for 153.230.35.172 at 2016-10-16 05:48:53 +0000
Cannot render console from 153.230.35.172! Allowed networks: 127.0.0.1, ::1, 127.0.0.0/127.255.255.255


Started GET "/assets/turbolinks.self-c5acd7a204f5f25ce7a1d8a0e4d92e28d34c9e2df2c7371cd7af88e147e4ad82.js?body=1" for 153.230.35.172 at 2016-10-16 05:48:53 +0000
Cannot render console from 153.230.35.172! Allowed networks: 127.0.0.1, ::1, 127.0.0.0/127.255.255.255


Started GET "/assets/customers.self-e3b0c44298fc1c149afbf4c8996fb92427ae41e4649b934ca495991b7852b855.css?body=1" for 153.230.35.172 at 2016-10-16 05:48:53 +0000
Cannot render console from 153.230.35.172! Allowed networks: 127.0.0.1, ::1, 127.0.0.0/127.255.255.255


Started GET "/assets/customers.self-877aef30ae1b040ab8a3aba4e3e309a11d7f2612f44dde450b5c157aa5f95c05.js?body=1" for 153.230.35.172 at 2016-10-16 05:48:53 +0000
Cannot render console from 153.230.35.172! Allowed networks: 127.0.0.1, ::1, 127.0.0.0/127.255.255.255


Started GET "/assets/application.self-3b8dabdc891efe46b9a144b400ad69e37d7e5876bdc39dee783419a69d7ca819.js?body=1" for 153.230.35.172 at 2016-10-16 05:48:53 +0000
Cannot render console from 153.230.35.172! Allowed networks: 127.0.0.1, ::1, 127.0.0.0/127.255.255.255


Started GET "/" for 153.230.35.172 at 2016-10-16 06:01:43 +0000
Cannot render console from 153.230.35.172! Allowed networks: 127.0.0.1, ::1, 127.0.0.0/127.255.255.255
  [1m[36mActiveRecord::SchemaMigration Load (0.3ms)[0m  [1mSELECT "schema_migrations".* FROM "schema_migrations"[0m

ActionController::RoutingError (uninitialized constant CustomerController):
  activesupport (4.2.6) lib/active_support/inflector/methods.rb:261:in `const_get'
  activesupport (4.2.6) lib/active_support/inflector/methods.rb:261:in `block in constantize'
  activesupport (4.2.6) lib/active_support/inflector/methods.rb:259:in `each'
  activesupport (4.2.6) lib/active_support/inflector/methods.rb:259:in `inject'
  activesupport (4.2.6) lib/active_support/inflector/methods.rb:259:in `constantize'
  actionpack (4.2.6) lib/action_dispatch/routing/route_set.rb:70:in `controller_reference'
  actionpack (4.2.6) lib/action_dispatch/routing/route_set.rb:60:in `controller'
  actionpack (4.2.6) lib/action_dispatch/routing/route_set.rb:39:in `serve'
  actionpack (4.2.6) lib/action_dispatch/journey/router.rb:43:in `block in serve'
  actionpack (4.2.6) lib/action_dispatch/journey/router.rb:30:in `each'
  actionpack (4.2.6) lib/action_dispatch/journey/router.rb:30:in `serve'
  actionpack (4.2.6) lib/action_dispatch/routing/route_set.rb:817:in `call'
  warden (1.2.6) lib/warden/manager.rb:35:in `block in call'
  warden (1.2.6) lib/warden/manager.rb:34:in `catch'
  warden (1.2.6) lib/warden/manager.rb:34:in `call'
  rack (1.6.4) lib/rack/etag.rb:24:in `call'
  rack (1.6.4) lib/rack/conditionalget.rb:25:in `call'
  rack (1.6.4) lib/rack/head.rb:13:in `call'
  actionpack (4.2.6) lib/action_dispatch/middleware/params_parser.rb:27:in `call'
  actionpack (4.2.6) lib/action_dispatch/middleware/flash.rb:260:in `call'
  rack (1.6.4) lib/rack/session/abstract/id.rb:225:in `context'
  rack (1.6.4) lib/rack/session/abstract/id.rb:220:in `call'
  actionpack (4.2.6) lib/action_dispatch/middleware/cookies.rb:560:in `call'
  activerecord (4.2.6) lib/active_record/query_cache.rb:36:in `call'
  activerecord (4.2.6) lib/active_record/connection_adapters/abstract/connection_pool.rb:653:in `call'
  activerecord (4.2.6) lib/active_record/migration.rb:377:in `call'
  actionpack (4.2.6) lib/action_dispatch/middleware/callbacks.rb:29:in `block in call'
  activesupport (4.2.6) lib/active_support/callbacks.rb:88:in `__run_callbacks__'
  activesupport (4.2.6) lib/active_support/callbacks.rb:778:in `_run_call_callbacks'
  activesupport (4.2.6) lib/active_support/callbacks.rb:81:in `run_callbacks'
  actionpack (4.2.6) lib/action_dispatch/middleware/callbacks.rb:27:in `call'
  actionpack (4.2.6) lib/action_dispatch/middleware/reloader.rb:73:in `call'
  actionpack (4.2.6) lib/action_dispatch/middleware/remote_ip.rb:78:in `call'
  actionpack (4.2.6) lib/action_dispatch/middleware/debug_exceptions.rb:17:in `call'
  web-console (2.3.0) lib/web_console/middleware.rb:20:in `block in call'
  web-console (2.3.0) lib/web_console/middleware.rb:18:in `catch'
  web-console (2.3.0) lib/web_console/middleware.rb:18:in `call'
  actionpack (4.2.6) lib/action_dispatch/middleware/show_exceptions.rb:30:in `call'
  railties (4.2.6) lib/rails/rack/logger.rb:38:in `call_app'
  railties (4.2.6) lib/rails/rack/logger.rb:20:in `block in call'
  activesupport (4.2.6) lib/active_support/tagged_logging.rb:68:in `block in tagged'
  activesupport (4.2.6) lib/active_support/tagged_logging.rb:26:in `tagged'
  activesupport (4.2.6) lib/active_support/tagged_logging.rb:68:in `tagged'
  railties (4.2.6) lib/rails/rack/logger.rb:20:in `call'
  actionpack (4.2.6) lib/action_dispatch/middleware/request_id.rb:21:in `call'
  rack (1.6.4) lib/rack/methodoverride.rb:22:in `call'
  rack (1.6.4) lib/rack/runtime.rb:18:in `call'
  activesupport (4.2.6) lib/active_support/cache/strategy/local_cache_middleware.rb:28:in `call'
  rack (1.6.4) lib/rack/lock.rb:17:in `call'
  actionpack (4.2.6) lib/action_dispatch/middleware/static.rb:120:in `call'
  rack (1.6.4) lib/rack/sendfile.rb:113:in `call'
  railties (4.2.6) lib/rails/engine.rb:518:in `call'
  railties (4.2.6) lib/rails/application.rb:165:in `call'
  rack (1.6.4) lib/rack/lock.rb:17:in `call'
  rack (1.6.4) lib/rack/content_length.rb:15:in `call'
  rack (1.6.4) lib/rack/handler/webrick.rb:88:in `service'
  /usr/local/rvm/rubies/ruby-2.3.0/lib/ruby/2.3.0/webrick/httpserver.rb:140:in `service'
  /usr/local/rvm/rubies/ruby-2.3.0/lib/ruby/2.3.0/webrick/httpserver.rb:96:in `run'
  /usr/local/rvm/rubies/ruby-2.3.0/lib/ruby/2.3.0/webrick/server.rb:296:in `block in start_thread'


  Rendered /usr/local/rvm/gems/ruby-2.3.0/gems/actionpack-4.2.6/lib/action_dispatch/middleware/templates/rescues/_trace.html.erb (2.7ms)
  Rendered /usr/local/rvm/gems/ruby-2.3.0/gems/actionpack-4.2.6/lib/action_dispatch/middleware/templates/routes/_route.html.erb (1.0ms)
  Rendered /usr/local/rvm/gems/ruby-2.3.0/gems/actionpack-4.2.6/lib/action_dispatch/middleware/templates/routes/_table.html.erb (16.5ms)
  Rendered /usr/local/rvm/gems/ruby-2.3.0/gems/actionpack-4.2.6/lib/action_dispatch/middleware/templates/rescues/_request_and_response.html.erb (13.7ms)
  Rendered /usr/local/rvm/gems/ruby-2.3.0/gems/actionpack-4.2.6/lib/action_dispatch/middleware/templates/rescues/routing_error.html.erb within rescues/layout (126.8ms)
